#
# A fatal error has been detected by the Java Runtime Environment:
#
#  EXCEPTION_ACCESS_VIOLATION (0xc0000005) at pc=0x00007ffb5e2bb0e6, pid=13320, tid=19244
#
# JRE version: Java(TM) SE Runtime Environment (22.0.2+9) (build 22.0.2+9-70)
# Java VM: Java HotSpot(TM) 64-Bit Server VM (22.0.2+9-70, mixed mode, sharing, tiered, compressed oops, compressed class ptrs, g1 gc, windows-amd64)
# Problematic frame:
# C  [awt.dll+0xdb0e6]
#
# No core dump will be written. Minidumps are not enabled by default on client versions of Windows
#
# If you would like to submit a bug report, please visit:
#   https://bugreport.java.com/bugreport/crash.jsp
# The crash happened outside the Java Virtual Machine in native code.
# See problematic frame for where to report the bug.
#

---------------  S U M M A R Y ------------

Command Line: -Dfile.encoding=UTF-8 --module-path=C:\Users\MEGA GLOBAL GRUP\OneDrive\Dokumen\NetBeansProjects\Salon\build\classes owner_dashboard

Host: Intel(R) Core(TM) i5-8350U CPU @ 1.70GHz, 8 cores, 7G,  Windows 11 , 64 bit Build 26100 (10.0.26100.3912)
Time: Wed May 28 09:51:32 2025 SE Asia Standard Time elapsed time: 692.067556 seconds (0d 0h 11m 32s)

---------------  T H R E A D  ---------------

Current thread (0x000002d25b829e60):  JavaThread "AWT-EventQueue-0"        [_thread_in_native, id=19244, stack(0x000000d4a4d00000,0x000000d4a4e00000) (1024K)]

Stack: [0x000000d4a4d00000,0x000000d4a4e00000],  sp=0x000000d4a4dfed40,  free space=1019k
Native frames: (J=compiled Java code, j=interpreted, Vv=VM code, C=native code)
C  [awt.dll+0xdb0e6]  (no source info available)
C  [awt.dll+0xdc922]  (no source info available)
C  0x000002d24e18cfc7  (no source info available)

The last pc belongs to native method entry point (kind = native) (printed below).
Java frames: (J=compiled Java code, j=interpreted, Vv=VM code)
j  sun.awt.Win32GraphicsDevice.initNativeScale(I)V+0 java.desktop@22.0.2
j  sun.awt.Win32GraphicsDevice.initScaleFactors()V+60 java.desktop@22.0.2
j  sun.awt.Win32GraphicsDevice.displayChanged()V+16 java.desktop@22.0.2
j  sun.awt.Win32GraphicsEnvironment.displayChanged()V+271 java.desktop@22.0.2
j  sun.awt.windows.WToolkit.lambda$displayChanged$4()V+15 java.desktop@22.0.2
j  sun.awt.windows.WToolkit$$Lambda+0x000002d25d163968.run()V+0 java.desktop@22.0.2
j  java.awt.event.InvocationEvent.dispatch()V+47 java.desktop@22.0.2
j  java.awt.EventQueue.dispatchEventImpl(Ljava/awt/AWTEvent;Ljava/lang/Object;)V+21 java.desktop@22.0.2
j  java.awt.EventQueue$4.run()Ljava/lang/Void;+32 java.desktop@22.0.2
j  java.awt.EventQueue$4.run()Ljava/lang/Object;+1 java.desktop@22.0.2
J 920 c1 java.security.AccessController.doPrivileged(Ljava/security/PrivilegedAction;Ljava/security/AccessControlContext;)Ljava/lang/Object; java.base@22.0.2 (17 bytes) @ 0x000002d246dcaf6c [0x000002d246dcad80+0x00000000000001ec]
j  java.security.ProtectionDomain$JavaSecurityAccessImpl.doIntersectionPrivilege(Ljava/security/PrivilegedAction;Ljava/security/AccessControlContext;Ljava/security/AccessControlContext;)Ljava/lang/Object;+18 java.base@22.0.2
j  java.awt.EventQueue.dispatchEvent(Ljava/awt/AWTEvent;)V+46 java.desktop@22.0.2
j  java.awt.EventDispatchThread.pumpOneEventForFilters(I)V+81 java.desktop@22.0.2
j  java.awt.EventDispatchThread.pumpEventsForFilter(ILjava/awt/Conditional;Ljava/awt/EventFilter;)V+35 java.desktop@22.0.2
j  java.awt.EventDispatchThread.pumpEventsForHierarchy(ILjava/awt/Conditional;Ljava/awt/Component;)V+11 java.desktop@22.0.2
j  java.awt.EventDispatchThread.pumpEvents(ILjava/awt/Conditional;)V+4 java.desktop@22.0.2
j  java.awt.EventDispatchThread.pumpEvents(Ljava/awt/Conditional;)V+3 java.desktop@22.0.2
j  java.awt.EventDispatchThread.run()V+9 java.desktop@22.0.2
v  ~StubRoutines::call_stub 0x000002d24e18100d

siginfo: EXCEPTION_ACCESS_VIOLATION (0xc0000005), reading address 0xffffffffffffffff


Registers:
RAX=0x7369560101010101, RBX=0x000002d2a2251250, RCX=0x7369560101010101, RDX=0x0000000000000000
RSP=0x000000d4a4dfed40, RBP=0x000000d4a4dfee20, RSI=0x000000000000015b, RDI=0x0000000000000000
R8 =0x0000000000000001, R9 =0x000000d4a3649000, R10=0x000002d24e18cf98, R11=0x0000000000000100
R12=0x0000000000000000, R13=0x000002d29d5fe8e0, R14=0x000000d4a4dfee48, R15=0x000002d25b829e60
RIP=0x00007ffb5e2bb0e6, EFLAGS=0x0000000000010202


Register to memory mapping:

RAX=0x7369560101010101 is an unknown value
RBX=0x000002d2a2251250 points into unknown readable memory: 0x000002d2a20f2100 | 00 21 0f a2 d2 02 00 00
RCX=0x7369560101010101 is an unknown value
RDX=0x0 is null
RSP=0x000000d4a4dfed40 is pointing into the stack for thread: 0x000002d25b829e60
RBP=0x000000d4a4dfee20 is pointing into the stack for thread: 0x000002d25b829e60
RSI=0x000000000000015b is an unknown value
RDI=0x0 is null
R8 =0x0000000000000001 is an unknown value
R9 =0x000000d4a3649000 points into unknown readable memory: 0x0000000000000000 | 00 00 00 00 00 00 00 00
R10=0x000002d24e18cf98 is at code_begin+1016 in an Interpreter codelet
native method entry point (kind = native)  [0x000002d24e18cba0, 0x000002d24e18d6c0]  2848 bytes
R11=0x0000000000000100 is an unknown value
R12=0x0 is null
R13={method} {0x000002d29d5fe8e8} 'initNativeScale' '(I)V' in 'sun/awt/Win32GraphicsDevice'
R14=0x000000d4a4dfee48 is pointing into the stack for thread: 0x000002d25b829e60
R15=0x000002d25b829e60 is a thread

Top of Stack: (sp=0x000000d4a4dfed40)
0x000000d4a4dfed40:   000002d2a2251250 00007ffb4a384f7c
0x000000d4a4dfed50:   000002d25b7eb190 000002d2a2251250
0x000000d4a4dfed60:   000002d2a2251250 00007ffb5e2bc922
0x000000d4a4dfed70:   00007ffb5e319848 000002d29d5fe8e0
0x000000d4a4dfed80:   000000d4a4dfee30 000002d25b6ad570
0x000000d4a4dfed90:   000002d24e188a5a 000002d24e18cfc7
0x000000d4a4dfeda0:   000002d29d5fe8e0 0000000000000000
0x000000d4a4dfedb0:   000002d25b829e60 000002d24e188a5a
0x000000d4a4dfedc0:   000000000000015b 00007ffb4a7f73d9
0x000000d4a4dfedd0:   000000d4a4dfef10 fffffffffffffff7
0x000000d4a4dfede0:   0000000000000000 0000000000000005
0x000000d4a4dfedf0:   000002d29d481fa8 0000000000000000
0x000000d4a4dfee00:   0000000082bcf238 000002d29d5fe8e0
0x000000d4a4dfee10:   0000000000000000 000000d4a4dfee40
0x000000d4a4dfee20:   000000d4a4dfee98 000002d24e1888c0
0x000000d4a4dfee30:   0000000000000000 000002d24e18a517
0x000000d4a4dfee40:   0000000000000000 0000000088b129a0
0x000000d4a4dfee50:   fffffffffffffff7 000002d29d5fef34
0x000000d4a4dfee60:   0000000000000002 000002d29d481fa8
0x000000d4a4dfee70:   0000000000000000 0000000082bcf238
0x000000d4a4dfee80:   000002d29d5fef80 fffffffffffffff5
0x000000d4a4dfee90:   000000d4a4dfeea8 000000d4a4dfeef8
0x000000d4a4dfeea0:   000002d24e1888c0 0000000088b129a0
0x000000d4a4dfeeb0:   fffffffffffffff7 000002d29d480808
0x000000d4a4dfeec0:   0000000000000003 000002d29d481fa8
0x000000d4a4dfeed0:   0000000000000000 0000000082bcf238
0x000000d4a4dfeee0:   000002d29d480850 fffffffffffffff6
0x000000d4a4dfeef0:   000000d4a4dfef10 000000d4a4dfef60
0x000000d4a4dfef00:   000002d24e1888c0 0000000000000000
0x000000d4a4dfef10:   0000000088b129a0 fffffffffffffff7
0x000000d4a4dfef20:   000002d29d2eb8f7 0000000000000008
0x000000d4a4dfef30:   000002d29d2ef8d8 0000000000000000 

Instructions: (pc=0x00007ffb5e2bb0e6)
0x00007ffb5e2bafe6:   11 45 d4 0f 11 45 e4 0f 11 45 f4 89 45 04 c7 45
0x00007ffb5e2baff6:   a0 68 00 00 00 0f 11 44 24 34 0f 11 44 24 44 0f
0x00007ffb5e2bb006:   11 44 24 54 0f 11 44 24 64 0f 11 44 24 74 0f 11
0x00007ffb5e2bb016:   45 84 89 45 94 c7 44 24 30 68 00 00 00 48 8d 55
0x00007ffb5e2bb026:   a0 49 8b ce ff 15 98 7d 06 00 85 c0 74 41 48 8d
0x00007ffb5e2bb036:   54 24 30 48 8b ce ff 15 86 7d 06 00 85 c0 74 2f
0x00007ffb5e2bb046:   48 8d 54 24 34 48 8d 4d a4 ff 15 bb 78 06 00 85
0x00007ffb5e2bb056:   c0 74 1c 48 8d 54 24 44 48 8d 4d b4 ff 15 a8 78
0x00007ffb5e2bb066:   06 00 85 c0 74 09 8b 44 24 54 39 45 c4 74 11 ff
0x00007ffb5e2bb076:   c7 3b 7b 0c 0f 8c 40 ff ff ff 8b 3d 1a b3 06 00
0x00007ffb5e2bb086:   48 8b cb e8 d2 cd f4 ff 90 8b c7 48 8b 4d 10 48
0x00007ffb5e2bb096:   33 cc e8 53 01 01 00 4c 8d 9c 24 20 01 00 00 49
0x00007ffb5e2bb0a6:   8b 5b 28 49 8b 73 30 49 8b e3 41 5e 5f 5d c3 cc
0x00007ffb5e2bb0b6:   cc cc cc cc cc cc cc cc cc cc 48 8b 41 08 48 8b
0x00007ffb5e2bb0c6:   80 18 0c 00 00 c3 cc cc cc cc 48 8b 41 08 48 05
0x00007ffb5e2bb0d6:   00 04 00 00 c3 cc cc cc cc cc 40 53 48 83 ec 20
0x00007ffb5e2bb0e6:   83 79 50 00 48 8b d9 75 56 48 8b 49 28 4c 8d 44
0x00007ffb5e2bb0f6:   24 38 48 8d 54 24 30 c7 44 24 30 00 00 80 bf c7
0x00007ffb5e2bb106:   44 24 38 00 00 80 bf e8 be e0 00 00 f3 0f 10 54
0x00007ffb5e2bb116:   24 30 0f 57 c0 0f 2f d0 76 25 f3 0f 10 4c 24 38
0x00007ffb5e2bb126:   0f 2f c8 76 1a f3 0f 5e 15 d9 9b 02 00 f3 0f 5e
0x00007ffb5e2bb136:   0d d1 9b 02 00 f3 0f 11 53 48 f3 0f 11 4b 4c 48
0x00007ffb5e2bb146:   83 c4 20 5b c3 cc cc cc cc cc 48 89 5c 24 10 48
0x00007ffb5e2bb156:   89 74 24 18 57 41 56 41 57 48 83 ec 40 48 8b d9
0x00007ffb5e2bb166:   48 83 79 18 00 75 14 b9 28 04 00 00 e8 b9 96 00
0x00007ffb5e2bb176:   00 48 89 43 18 c7 00 28 00 00 00 48 8b 43 18 33
0x00007ffb5e2bb186:   ff 66 89 78 0e 48 8b 4b 28 e8 5c 03 00 00 48 8b
0x00007ffb5e2bb196:   f0 41 bf 01 00 00 00 45 8b c7 41 8b d7 48 8b c8
0x00007ffb5e2bb1a6:   ff 15 84 74 06 00 4c 8b f0 89 7c 24 30 48 8b 4b
0x00007ffb5e2bb1b6:   18 48 89 4c 24 28 48 89 7c 24 20 45 8b cf 45 33
0x00007ffb5e2bb1c6:   c0 48 8b d0 48 8b ce ff 15 3d 75 06 00 48 8b 53
0x00007ffb5e2bb1d6:   30 48 8b 0b 8b 05 c4 b1 06 00 83 79 04 08 0f 8e 


Stack slot to memory mapping:

stack at sp + 0 slots: 0x000002d2a2251250 points into unknown readable memory: 0x000002d2a20f2100 | 00 21 0f a2 d2 02 00 00
stack at sp + 1 slots: 0x00007ffb4a384f7c jvm.dll
stack at sp + 2 slots: 0x000002d25b7eb190 points into unknown readable memory: 0x00007ffb4ab32a20 | 20 2a b3 4a fb 7f 00 00
stack at sp + 3 slots: 0x000002d2a2251250 points into unknown readable memory: 0x000002d2a20f2100 | 00 21 0f a2 d2 02 00 00
stack at sp + 4 slots: 0x000002d2a2251250 points into unknown readable memory: 0x000002d2a20f2100 | 00 21 0f a2 d2 02 00 00
stack at sp + 5 slots: 0x00007ffb5e2bc922 awt.dll
stack at sp + 6 slots: 0x00007ffb5e319848 awt.dll
stack at sp + 7 slots: {method} {0x000002d29d5fe8e8} 'initNativeScale' '(I)V' in 'sun/awt/Win32GraphicsDevice'

native method entry point (kind = native)  [0x000002d24e18cba0, 0x000002d24e18d6c0]  2848 bytes
[MachCode]
  0x000002d24e18cba0: 488b 4b08 | 0fb7 492e | 584c 8d74 | ccf8 6800 | 0000 0068 | 0000 0000 | 5055 488b | ec41 5568 
  0x000002d24e18cbc0: 0000 0000 | 4c8b 6b08 | 4d8d 6d38 | 5348 8b53 | 0848 8b52 | 0848 8b52 | 1848 8b52 | 7048 8b12 
  0x000002d24e18cbe0: 5248 8b53 | 1048 85d2 | 0f84 0700 | 0000 4881 | c210 0100 | 0052 488b | 5308 488b | 5208 488b 
  0x000002d24e18cc00: 5210 5249 | 8bc6 482b | c548 c1e8 | 0350 6800 | 0000 0068 | f7ff ffff | 41c6 8781 | 0400 0001 
  0x000002d24e18cc20: 488b 4310 | 4885 c074 | 208b 88cc | 0000 0083 | c102 8988 | cc00 0000 | 2388 e000 | 0000 0f84 
  0x000002d24e18cc40: cb09 0000 | e9cf 0000 | 0048 8b43 | 1848 85c0 | 0f85 b000 | 0000 e805 | 0000 00e9 | 9900 0000 
  0x000002d24e18cc60: 488b d348 | 8d44 2408 | 4c89 6dc0 | 498b cfc5 | f877 4989 | afb0 0300 | 0049 8987 | a003 0000 
  0x000002d24e18cc80: 4883 ec20 | 40f6 c40f | 0f84 1900 | 0000 4883 | ec08 48b8 | 00a7 534a | fb7f 0000 | ffd0 4883 
  0x000002d24e18cca0: c408 e90c | 0000 0048 | b800 a753 | 4afb 7f00 | 00ff d048 | 83c4 2049 | c787 a003 | 0000 0000 
  0x000002d24e18ccc0: 0000 49c7 | 87b0 0300 | 0000 0000 | 0049 c787 | a803 0000 | 0000 0000 | c5f8 7749 | 837f 0800 
  0x000002d24e18cce0: 0f84 0500 | 0000 e915 | 42ff ff4c | 8b6d c04c | 8b75 c84e | 8d74 f500 | c348 8b43 | 1848 85c0 
  0x000002d24e18cd00: 0f84 1200 | 0000 8b48 | 0883 c102 | 8948 0823 | 481c 0f84 | f708 0000 | 493b a7f0 | 0400 000f 
  0x000002d24e18cd20: 8748 0000 | 0089 8424 | 00f0 ffff | 8984 2400 | e0ff ff89 | 8424 00d0 | ffff 8984 | 2400 c0ff 
  0x000002d24e18cd40: ff89 8424 | 00b0 ffff | 8984 2400 | a0ff ff89 | 8424 0090 | ffff 8984 | 2400 80ff | ff49 3ba7 
  0x000002d24e18cd60: e804 0000 | 7607 4989 | a7f0 0400 | 0041 c687 | 8104 0000 | 0049 ba6c | 40da 4afb | 7f00 0041 
  0x000002d24e18cd80: 803a 000f | 843e 0000 | 0048 8b55 | e849 8bcf | 4883 ec20 | 40f6 c40f | 0f84 1900 | 0000 4883 
  0x000002d24e18cda0: ec08 48b8 | 80b9 8a4a | fb7f 0000 | ffd0 4883 | c408 e90c | 0000 0048 | b880 b98a | 4afb 7f00 
  0x000002d24e18cdc0: 00ff d048 | 83c4 2048 | 8b5d e84c | 8b5b 0845 | 0fb7 5b2e | 41c1 e303 | 492b e348 | 83ec 2048 
  0x000002d24e18cde0: 83e4 f04c | 8b5b 604d | 85db 0f85 | ab00 0000 | e805 0000 | 00e9 9900 | 0000 488b | d348 8d44 
  0x000002d24e18ce00: 2408 4c89 | 6dc0 498b | cfc5 f877 | 4989 afb0 | 0300 0049 | 8987 a003 | 0000 4883 | ec20 40f6 
  0x000002d24e18ce20: c40f 0f84 | 1900 0000 | 4883 ec08 | 48b8 20ce | 534a fb7f | 0000 ffd0 | 4883 c408 | e90c 0000 
  0x000002d24e18ce40: 0048 b820 | ce53 4afb | 7f00 00ff | d048 83c4 | 2049 c787 | a003 0000 | 0000 0000 | 49c7 87b0 
  0x000002d24e18ce60: 0300 0000 | 0000 0049 | c787 a803 | 0000 0000 | 0000 c5f8 | 7749 837f | 0800 0f84 | 0500 0000 
  0x000002d24e18ce80: e97b 40ff | ff4c 8b6d | c04c 8b75 | c84e 8d74 | f500 c348 | 8b5d e84c | 8b5b 6041 | ffd3 488b 
  0x000002d24e18cea0: 5de8 4889 | 4518 448b | 5b28 41f6 | c308 0f84 | 1b00 0000 | 4c8b 5b08 | 4d8b 5b08 | 4d8b 5b18 
  0x000002d24e18cec0: 4d8b 5b70 | 4d8b 1b4c | 895d 1048 | 8d55 1048 | 8b43 5849 | ba80 108b | 4afb 7f00 | 0049 3bc2 
  0x000002d24e18cee0: 0f85 ab00 | 0000 e805 | 0000 00e9 | 9900 0000 | 488b d348 | 8d44 2408 | 4c89 6dc0 | 498b cfc5 
  0x000002d24e18cf00: f877 4989 | afb0 0300 | 0049 8987 | a003 0000 | 4883 ec20 | 40f6 c40f | 0f84 1900 | 0000 4883 
  0x000002d24e18cf20: ec08 48b8 | 20ce 534a | fb7f 0000 | ffd0 4883 | c408 e90c | 0000 0048 | b820 ce53 | 4afb 7f00 
  0x000002d24e18cf40: 00ff d048 | 83c4 2049 | c787 a003 | 0000 0000 | 0000 49c7 | 87b0 0300 | 0000 0000 | 0049 c787 
  0x000002d24e18cf60: a803 0000 | 0000 0000 | c5f8 7749 | 837f 0800 | 0f84 0500 | 0000 e985 | 3fff ff4c | 8b6d c04c 
  0x000002d24e18cf80: 8b75 c84e | 8d74 f500 | c348 8b5d | e848 8b43 | 5849 8d8f | c003 0000 | c5f8 7749 | 89af b003 
  0x000002d24e18cfa0: 0000 49ba | 98cf 184e | d202 0000 | 4d89 97a8 | 0300 0049 | 89a7 a003 | 0000 41c7 | 8754 0400 
  0x000002d24e18cfc0: 0004 0000 | 00ff d0c5 | f877 4883 | ec10 c5fb | 1104 2448 | 83ec 1048 | 8904 2448 | c744 2408 
  0x000002d24e18cfe0: 0000 0000 | 41c7 8754 | 0400 0005 | 0000 00f0 | 8344 24c0 | 0049 3baf | 5804 0000 | 0f87 0e00 
  0x000002d24e18d000: 0000 4183 | bf50 0400 | 0000 0f84 | 2000 0000 | 498b cf4c | 8be4 4883 | ec20 4883 | e4f0 48b8 
  0x000002d24e18d020: 4023 554a | fb7f 0000 | ffd0 498b | e44d 33e4 | 41c7 8754 | 0400 0008 | 0000 0049 | c787 a003 
  0x000002d24e18d040: 0000 0000 | 0000 49c7 | 87b0 0300 | 0000 0000 | 0049 c787 | a803 0000 | 0000 0000 | c5f8 774d 
  0x000002d24e18d060: 8b9f 3004 | 0000 41c7 | 8300 0100 | 0000 0000 | 0049 bb1a | a518 4ed2 | 0200 004c | 3b5d 180f 
  0x000002d24e18d080: 8524 0200 | 0048 8b04 | 2448 83c4 | 1048 85c0 | 0f84 fe01 | 0000 a803 | 0f85 0800 | 0000 488b 
  0x000002d24e18d0a0: 00e9 ee01 | 0000 a801 | 0f85 0900 | 0000 488b | 40fe e9dd | 0100 0048 | 8b40 ff41 | 807f 3800 
  0x000002d24e18d0c0: 0f84 ce01 | 0000 4883 | f800 0f84 | c401 0000 | 4d8b 5f28 | 4983 fb00 | 0f84 1400 | 0000 4983 
  0x000002d24e18d0e0: eb08 4d89 | 5f28 4d03 | 5f30 4989 | 03e9 a201 | 0000 4881 | ecd0 0000 | 0048 8904 | 2448 894c 
  0x000002d24e18d100: 2408 4889 | 5424 1048 | 8974 2418 | 4889 7c24 | 204c 8944 | 2428 4c89 | 4c24 304c | 8954 2438 
  0x000002d24e18d120: 4c89 5c24 | 40c5 fb11 | 4424 50c5 | fb11 4c24 | 58c5 fb11 | 5424 60c5 | fb11 5c24 | 68c5 fb11 
  0x000002d24e18d140: 6424 70c5 | fb11 6c24 | 78c5 fb11 | b424 8000 | 0000 c5fb | 11bc 2488 | 0000 00c5 | 7b11 8424 
  0x000002d24e18d160: 9000 0000 | c57b 118c | 2498 0000 | 00c5 7b11 | 9424 a000 | 0000 c57b | 119c 24a8 | 0000 00c5 
  0x000002d24e18d180: 7b11 a424 | b000 0000 | c57b 11ac | 24b8 0000 | 00c5 7b11 | b424 c000 | 0000 c57b | 11bc 24c8 
  0x000002d24e18d1a0: 0000 0049 | 8bd7 488b | c848 83ec | 2040 f6c4 | 0f0f 8419 | 0000 0048 | 83ec 0848 | b830 3f48 
  0x000002d24e18d1c0: 4afb 7f00 | 00ff d048 | 83c4 08e9 | 0c00 0000 | 48b8 303f | 484a fb7f | 0000 ffd0 | 4883 c420 
  0x000002d24e18d1e0: c57b 10bc | 24c8 0000 | 00c5 7b10 | b424 c000 | 0000 c57b | 10ac 24b8 | 0000 00c5 | 7b10 a424 
  0x000002d24e18d200: b000 0000 | c57b 109c | 24a8 0000 | 00c5 7b10 | 9424 a000 | 0000 c57b | 108c 2498 | 0000 00c5 
  0x000002d24e18d220: 7b10 8424 | 9000 0000 | c5fb 10bc | 2488 0000 | 00c5 fb10 | b424 8000 | 0000 c5fb | 106c 2478 
  0x000002d24e18d240: c5fb 1064 | 2470 c5fb | 105c 2468 | c5fb 1054 | 2460 c5fb | 104c 2458 | c5fb 1044 | 2450 4c8b 
  0x000002d24e18d260: 5c24 404c | 8b54 2438 | 4c8b 4c24 | 304c 8b44 | 2428 488b | 7c24 2048 | 8b74 2418 | 488b 5424 
  0x000002d24e18d280: 1048 8b4c | 2408 488b | 0424 4881 | c4d0 0000 | 00c5 f877 | 4889 4510 | 4883 ec10 | 4889 0424 
  0x000002d24e18d2a0: 48c7 4424 | 0800 0000 | 0041 83bf | d004 0000 | 020f 85bf | 0000 0048 | 81ec 8000 | 0000 4889 
  0x000002d24e18d2c0: 4424 7848 | 894c 2470 | 4889 5424 | 6848 895c | 2460 4889 | 6c24 5048 | 8974 2448 | 4889 7c24 
  0x000002d24e18d2e0: 404c 8944 | 2438 4c89 | 4c24 304c | 8954 2428 | 4c89 5c24 | 204c 8964 | 2418 4c89 | 6c24 104c 
  0x000002d24e18d300: 8974 2408 | 4c89 3c24 | 4c8b e448 | 83ec 2048 | 83e4 f048 | b8d0 f18a | 4afb 7f00 | 00ff d049 
  0x000002d24e18d320: 8be4 4c8b | 3c24 4c8b | 7424 084c | 8b6c 2410 | 4c8b 6424 | 184c 8b5c | 2420 4c8b | 5424 284c 
  0x000002d24e18d340: 8b4c 2430 | 4c8b 4424 | 3848 8b7c | 2440 488b | 7424 4848 | 8b6c 2450 | 488b 5c24 | 6048 8b54 
  0x000002d24e18d360: 2468 488b | 4c24 7048 | 8b44 2478 | 4881 c480 | 0000 004d | 33e4 488b | 5de8 4c8b | 6b08 4d8d 
  0x000002d24e18d380: 6d38 4983 | 7f08 000f | 84bb 0000 | 00e8 0500 | 0000 e996 | 0000 0048 | 8d44 2408 | 4c89 6dc0 
  0x000002d24e18d3a0: 498b cfc5 | f877 4989 | afb0 0300 | 0049 8987 | a003 0000 | 4883 ec20 | 40f6 c40f | 0f84 1900 
  0x000002d24e18d3c0: 0000 4883 | ec08 48b8 | 60ec 534a | fb7f 0000 | ffd0 4883 | c408 e90c | 0000 0048 | b860 ec53 
  0x000002d24e18d3e0: 4afb 7f00 | 00ff d048 | 83c4 2049 | c787 a003 | 0000 0000 | 0000 49c7 | 87b0 0300 | 0000 0000 
  0x000002d24e18d400: 0049 c787 | a803 0000 | 0000 0000 | c5f8 7749 | 837f 0800 | 0f84 0500 | 0000 e9e1 | 3aff ff4c 
  0x000002d24e18d420: 8b6d c04c | 8b75 c84e | 8d74 f500 | c348 b9c0 | 28b2 4afb | 7f00 0048 | 83e4 f048 | b830 9979 
  0x000002d24e18d440: 4afb 7f00 | 00ff d0f4 | 448b 5b28 | 41f6 c320 | 0f84 4401 | 0000 488d | 55a8 4c8b | 5a08 4d85 
  0x000002d24e18d460: db0f 85bb | 0000 00e8 | 0500 0000 | e996 0000 | 0048 8d44 | 2408 4c89 | 6dc0 498b | cfc5 f877 
  0x000002d24e18d480: 4989 afb0 | 0300 0049 | 8987 a003 | 0000 4883 | ec20 40f6 | c40f 0f84 | 1900 0000 | 4883 ec08 
  0x000002d24e18d4a0: 48b8 90eb | 534a fb7f | 0000 ffd0 | 4883 c408 | e90c 0000 | 0048 b890 | eb53 4afb | 7f00 00ff 
  0x000002d24e18d4c0: d048 83c4 | 2049 c787 | a003 0000 | 0000 0000 | 49c7 87b0 | 0300 0000 | 0000 0049 | c787 a803 
  0x000002d24e18d4e0: 0000 0000 | 0000 c5f8 | 7749 837f | 0800 0f84 | 0500 0000 | e907 3aff | ff4c 8b6d | c04c 8b75 
  0x000002d24e18d500: c84e 8d74 | f500 c348 | b9c0 28b2 | 4afb 7f00 | 0048 83e4 | f048 b830 | 9979 4afb | 7f00 00ff 
  0x000002d24e18d520: d0f4 4c89 | 6dc0 488d | 024c 8b4a | 0848 c742 | 0800 0000 | 004c 8b00 | 4d85 c00f | 840b 0000 
  0x000002d24e18d540: 00f0 4d0f | b101 0f85 | 0c00 0000 | 49ff 8f58 | 0500 00e9 | 3e00 0000 | 4c89 4a08 | 488b ca48 
  0x000002d24e18d560: 83ec 2040 | f6c4 0f0f | 8419 0000 | 0048 83ec | 0848 b820 | be53 4afb | 7f00 00ff | d048 83c4 
  0x000002d24e18d580: 08e9 0c00 | 0000 48b8 | 20be 534a | fb7f 0000 | ffd0 4883 | c420 4c8b | 6dc0 49ba | 6c40 da4a 
  0x000002d24e18d5a0: fb7f 0000 | 4180 3a00 | 0f84 3e00 | 0000 488b | 55e8 498b | cf48 83ec | 2040 f6c4 | 0f0f 8419 
  0x000002d24e18d5c0: 0000 0048 | 83ec 0848 | b880 b98a | 4afb 7f00 | 00ff d048 | 83c4 08e9 | 0c00 0000 | 48b8 80b9 
  0x000002d24e18d5e0: 8a4a fb7f | 0000 ffd0 | 4883 c420 | 488b 0424 | 4883 c410 | c5fb 1004 | 2448 83c4 | 104c 8b5d 
  0x000002d24e18d600: 1841 ffd3 | 4c8b 5df8 | c95f 498b | e3ff e7ba | 0000 0000 | e805 0000 | 00e9 9600 | 0000 488d 
  0x000002d24e18d620: 4424 084c | 896d c049 | 8bcf c5f8 | 7749 89af | b003 0000 | 4989 87a0 | 0300 0048 | 83ec 2040 
  0x000002d24e18d640: f6c4 0f0f | 8419 0000 | 0048 83ec | 0848 b8e0 | b153 4afb | 7f00 00ff | d048 83c4 | 08e9 0c00 
  0x000002d24e18d660: 0000 48b8 | e0b1 534a | fb7f 0000 | ffd0 4883 | c420 49c7 | 87a0 0300 | 0000 0000 | 0049 c787 
  0x000002d24e18d680: b003 0000 | 0000 0000 | 49c7 87a8 | 0300 0000 | 0000 00c5 | f877 4983 | 7f08 000f | 8405 0000 
  0x000002d24e18d6a0: 00e9 5a38 | ffff 4c8b | 6dc0 4c8b | 75c8 4e8d | 74f5 00c3 | 488b 5de8 | e95b f6ff | ff66 6690 
[/MachCode]

Compiled method (c1) 692323  920       3       java.security.AccessController::doPrivileged (17 bytes)
 total in heap  [0x000002d246dcab90,0x000002d246dcb328] = 1944
 relocation     [0x000002d246dcace8,0x000002d246dcad80] = 152
 main code      [0x000002d246dcad80,0x000002d246dcb100] = 896
 stub code      [0x000002d246dcb100,0x000002d246dcb178] = 120
 metadata       [0x000002d246dcb178,0x000002d246dcb190] = 24
 scopes data    [0x000002d246dcb190,0x000002d246dcb250] = 192
 scopes pcs     [0x000002d246dcb250,0x000002d246dcb310] = 192
 dependencies   [0x000002d246dcb310,0x000002d246dcb318] = 8
 nul chk table  [0x000002d246dcb318,0x000002d246dcb328] = 16

[Constant Pool (empty)]

[MachCode]
[Verified Entry Point]
  # {method} {0x000002d25c435e00} 'doPrivileged' '(Ljava/security/PrivilegedAction;Ljava/security/AccessControlContext;)Ljava/lang/Object;' in 'java/security/AccessController'
  # parm0:    rdx:rdx   = 'java/security/PrivilegedAction'
  # parm1:    r8:r8     = 'java/security/AccessControlContext'
  #           [sp+0x80]  (sp of caller)
  0x000002d246dcad80: 8984 2400 | 80ff ff55 | 4883 ec70 | 4181 7f20 | 0100 0000 

  0x000002d246dcad94: ;   {runtime_call StubRoutines (final stubs)}
  0x000002d246dcad94: 7405 e845 

  0x000002d246dcad98: ;   {metadata(method data for {method} {0x000002d25c435e00} 'doPrivileged' '(Ljava/security/PrivilegedAction;Ljava/security/AccessControlContext;)Ljava/lang/Object;' in 'java/security/AccessController')}
  0x000002d246dcad98: 9f3e 0748 | bec0 f065 | 9dd2 0200 | 008b becc | 0000 0083 | c702 89be | cc00 0000 | 81e7 fe07 
  0x000002d246dcadb8: 0000 85ff | 0f84 7402 | 0000 4c89 | 4424 4048 | 8954 2448 

  0x000002d246dcadcc: ;   {metadata(method data for {method} {0x000002d25c435e00} 'doPrivileged' '(Ljava/security/PrivilegedAction;Ljava/security/AccessControlContext;)Ljava/lang/Object;' in 'java/security/AccessController')}
  0x000002d246dcadcc: 48be c0f0 | 659d d202 | 0000 4883 | 8618 0100 

  0x000002d246dcaddc: ;   {static_call}
  0x000002d246dcaddc: 0001 90e8 

  0x000002d246dcade0: ; ImmutableOopMap {[64]=Oop [72]=Oop }
                      ;*invokestatic getCallerClass {reexecute=0 rethrow=0 return_oop=0}
                      ; - java.security.AccessController::doPrivileged@0 (line 398)
  0x000002d246dcade0: dc04 9807 

  0x000002d246dcade4: ;   {other}
  0x000002d246dcade4: 0f1f 8400 | 5402 0000 | 4889 4424 

  0x000002d246dcadf0: ;   {metadata(method data for {method} {0x000002d25c435e00} 'doPrivileged' '(Ljava/security/PrivilegedAction;Ljava/security/AccessControlContext;)Ljava/lang/Object;' in 'java/security/AccessController')}
  0x000002d246dcadf0: 5048 bac0 | f065 9dd2 | 0200 0048 | 8382 2801 | 0000 0148 | 8b54 2440 | 4c8b c00f 

  0x000002d246dcae0c: ;   {static_call}
  0x000002d246dcae0c: 1f40 00e8 

  0x000002d246dcae10: ; ImmutableOopMap {[72]=Oop [80]=Oop }
                      ;*invokestatic checkContext {reexecute=0 rethrow=0 return_oop=0}
                      ; - java.security.AccessController::doPrivileged@6 (line 399)
  0x000002d246dcae10: acfa ffff 

  0x000002d246dcae14: ;   {other}
  0x000002d246dcae14: 0f1f 8400 | 8402 0001 | 4889 4424 

  0x000002d246dcae20: ;   {metadata(method data for {method} {0x000002d25c435e00} 'doPrivileged' '(Ljava/security/PrivilegedAction;Ljava/security/AccessControlContext;)Ljava/lang/Object;' in 'java/security/AccessController')}
  0x000002d246dcae20: 5848 bac0 | f065 9dd2 | 0200 0048 | 8382 3801 

  0x000002d246dcae30: ;   {metadata(method data for {method} {0x000002d25c436088} 'executePrivileged' '(Ljava/security/PrivilegedAction;Ljava/security/AccessControlContext;Ljava/lang/Class;)Ljava/lang/Object;' in 'java/security/AccessController')}
  0x000002d246dcae30: 0000 0148 | ba28 c10f | 9dd2 0200 | 008b b2cc | 0000 0083 | c602 89b2 | cc00 0000 | 81e6 feff 
  0x000002d246dcae50: 1f00 85f6 | 0f84 fd01 | 0000 4885 

  0x000002d246dcae5c: ;   {metadata(method data for {method} {0x000002d25c436088} 'executePrivileged' '(Ljava/security/PrivilegedAction;Ljava/security/AccessControlContext;Ljava/lang/Class;)Ljava/lang/Object;' in 'java/security/AccessController')}
  0x000002d246dcae5c: c048 ba28 | c10f 9dd2 | 0200 0048 | c7c6 1801 | 0000 7407 | 48c7 c628 | 0100 0048 | 8b3c 3248 
  0x000002d246dcae7c: 8d7f 0148 | 893c 320f | 8423 0000 

  0x000002d246dcae88: ;   {metadata(method data for {method} {0x000002d25c436088} 'executePrivileged' '(Ljava/security/PrivilegedAction;Ljava/security/AccessControlContext;Ljava/lang/Class;)Ljava/lang/Object;' in 'java/security/AccessController')}
  0x000002d246dcae88: 0048 ba28 | c10f 9dd2 | 0200 0048 | 8382 3801 | 0000 0148 

  0x000002d246dcae9c: ;   {static_call}
  0x000002d246dcae9c: 8bd0 90e8 

  0x000002d246dcaea0: ; ImmutableOopMap {[72]=Oop [80]=Oop [88]=Oop }
                      ;*invokestatic ensureMaterializedForStackWalk {reexecute=0 rethrow=0 return_oop=0}
                      ; - java.security.AccessController::executePrivileged@5 (line 774)
                      ; - java.security.AccessController::doPrivileged@13 (line 400)
  0x000002d246dcaea0: 9c69 9907 

  0x000002d246dcaea4: ;   {other}
  0x000002d246dcaea4: 0f1f 8400 | 1403 0002 

  0x000002d246dcaeac: ;   {metadata(method data for {method} {0x000002d25c436088} 'executePrivileged' '(Ljava/security/PrivilegedAction;Ljava/security/AccessControlContext;Ljava/lang/Class;)Ljava/lang/Object;' in 'java/security/AccessController')}
  0x000002d246dcaeac: 48ba 28c1 | 0f9d d202 | 0000 ff82 | 4801 0000 | 488b 5424 | 4848 3b02 

  0x000002d246dcaec4: ;   {metadata(method data for {method} {0x000002d25c436088} 'executePrivileged' '(Ljava/security/PrivilegedAction;Ljava/security/AccessControlContext;Ljava/lang/Class;)Ljava/lang/Object;' in 'java/security/AccessController')}
  0x000002d246dcaec4: 488b f248 | bf28 c10f | 9dd2 0200 | 008b 7608 | 49ba 0000 | 005c d202 | 0000 4903 | f248 3bb7 
  0x000002d246dcaee4: b001 0000 | 750d 4883 | 87b8 0100 | 0001 e960 | 0000 0048 | 3bb7 c001 | 0000 750d | 4883 87c8 
  0x000002d246dcaf04: 0100 0001 | e94a 0000 | 0048 83bf | b001 0000 | 0075 1748 | 89b7 b001 | 0000 48c7 | 87b8 0100 
  0x000002d246dcaf24: 0001 0000 | 00e9 2900 | 0000 4883 | bfc0 0100 | 0000 7517 | 4889 b7c0 | 0100 0048 | c787 c801 
  0x000002d246dcaf44: 0000 0100 | 0000 e908 | 0000 0048 | 8387 a801 | 0000 0166 | 0f1f 4400 | 0048 b8f0 | a52a a2d2 
  0x000002d246dcaf64: ;   {virtual_call}
  0x000002d246dcaf64: 0200 00e8 

  0x000002d246dcaf68: ; ImmutableOopMap {[80]=Oop [88]=Oop }
                      ;*invokeinterface run {reexecute=0 rethrow=0 return_oop=0}
                      ; - java.security.AccessController::executePrivileged@29 (line 778)
                      ; - java.security.AccessController::doPrivileged@13 (line 400)
  0x000002d246dcaf68: 245d 4d07 

  0x000002d246dcaf6c: ;   {other}
  0x000002d246dcaf6c: 0f1f 8400 | dc03 0003 

  0x000002d246dcaf74: ;   {metadata(method data for {method} {0x000002d25c436088} 'executePrivileged' '(Ljava/security/PrivilegedAction;Ljava/security/AccessControlContext;Ljava/lang/Class;)Ljava/lang/Object;' in 'java/security/AccessController')}
  0x000002d246dcaf74: 48ba 28c1 | 0f9d d202 | 0000 ff82 | d801 0000 

  0x000002d246dcaf84: ;   {metadata(method data for {method} {0x000002d25c436088} 'executePrivileged' '(Ljava/security/PrivilegedAction;Ljava/security/AccessControlContext;Ljava/lang/Class;)Ljava/lang/Object;' in 'java/security/AccessController')}
  0x000002d246dcaf84: 48ba 28c1 | 0f9d d202 | 0000 4883 | 8238 0200 | 0001 488b | d048 8944 

  0x000002d246dcaf9c: ;   {static_call}
  0x000002d246dcaf9c: 2460 90e8 

  0x000002d246dcafa0: ; ImmutableOopMap {[80]=Oop [88]=Oop [96]=Oop }
                      ;*invokestatic ensureMaterializedForStackWalk {reexecute=0 rethrow=0 return_oop=0}
                      ; - java.security.AccessController::executePrivileged@56 (line 786)
                      ; - java.security.AccessController::doPrivileged@13 (line 400)
  0x000002d246dcafa0: 9c68 9907 

  0x000002d246dcafa4: ;   {other}
  0x000002d246dcafa4: 0f1f 8400 | 1404 0004 

  0x000002d246dcafac: ;   {metadata(method data for {method} {0x000002d25c436088} 'executePrivileged' '(Ljava/security/PrivilegedAction;Ljava/security/AccessControlContext;Ljava/lang/Class;)Ljava/lang/Object;' in 'java/security/AccessController')}
  0x000002d246dcafac: 48b8 28c1 | 0f9d d202 | 0000 4883 | 8048 0200 

  0x000002d246dcafbc: ;   {metadata(method data for {method} {0x000002d25c037300} 'reachabilityFence' '(Ljava/lang/Object;)V' in 'java/lang/ref/Reference')}
  0x000002d246dcafbc: 0001 48b8 | 6071 0c9d | d202 0000 | 8bb0 cc00 | 0000 83c6 | 0289 b0cc | 0000 0081 | e6fe ff1f 
  0x000002d246dcafdc: 0085 f60f | 8498 0000 

  0x000002d246dcafe4: ;   {metadata(method data for {method} {0x000002d25c436088} 'executePrivileged' '(Ljava/security/PrivilegedAction;Ljava/security/AccessControlContext;Ljava/lang/Class;)Ljava/lang/Object;' in 'java/security/AccessController')}
  0x000002d246dcafe4: 0048 b828 | c10f 9dd2 | 0200 0048 | 8380 5802 

  0x000002d246dcaff4: ;   {metadata(method data for {method} {0x000002d25c037300} 'reachabilityFence' '(Ljava/lang/Object;)V' in 'java/lang/ref/Reference')}
  0x000002d246dcaff4: 0000 0148 | b860 710c | 9dd2 0200 | 008b b0cc | 0000 0083 | c602 89b0 | cc00 0000 | 81e6 feff 
  0x000002d246dcb014: 1f00 85f6 | 0f84 8000 | 0000 488b | 4424 6048 | 83c4 705d 

  0x000002d246dcb028: ;   {poll_return}
  0x000002d246dcb028: 493b a758 | 0400 000f | 878a 0000 

  0x000002d246dcb034: ;   {metadata({method} {0x000002d25c435e00} 'doPrivileged' '(Ljava/security/PrivilegedAction;Ljava/security/AccessControlContext;)Ljava/lang/Object;' in 'java/security/AccessController')}
  0x000002d246dcb034: 00c3 49ba | f85d 435c | d202 0000 | 4c89 5424 | 0848 c704 | 24ff ffff 

  0x000002d246dcb04c: ;   {runtime_call counter_overflow Runtime1 stub}
  0x000002d246dcb04c: ffe8 2ee8 

  0x000002d246dcb050: ; ImmutableOopMap {rdx=Oop r8=Oop }
                      ;*synchronization entry
                      ; - java.security.AccessController::doPrivileged@-1 (line 398)
  0x000002d246dcb050: 4c07 e96b 

  0x000002d246dcb054: ;   {metadata({method} {0x000002d25c436088} 'executePrivileged' '(Ljava/security/PrivilegedAction;Ljava/security/AccessControlContext;Ljava/lang/Class;)Ljava/lang/Object;' in 'java/security/AccessController')}
  0x000002d246dcb054: fdff ff49 | ba80 6043 | 5cd2 0200 | 004c 8954 | 2408 48c7 | 0424 ffff 

  0x000002d246dcb06c: ;   {runtime_call counter_overflow Runtime1 stub}
  0x000002d246dcb06c: ffff e80d 

  0x000002d246dcb070: ; ImmutableOopMap {rax=Oop [72]=Oop [80]=Oop [88]=Oop }
                      ;*synchronization entry
                      ; - java.security.AccessController::executePrivileged@-1 (line 773)
                      ; - java.security.AccessController::doPrivileged@13 (line 400)
  0x000002d246dcb070: e84c 07e9 | e2fd ffff 

  0x000002d246dcb078: ;   {runtime_call throw_null_pointer_exception Runtime1 stub}
  0x000002d246dcb078: e803 724c 

  0x000002d246dcb07c: ; ImmutableOopMap {rdx=Oop [80]=Oop [88]=Oop }
                      ;*invokeinterface run {reexecute=0 rethrow=0 return_oop=0}
                      ; - java.security.AccessController::executePrivileged@29 (line 778)
                      ; - java.security.AccessController::doPrivileged@13 (line 400)
                      ;   {metadata({method} {0x000002d25c037300} 'reachabilityFence' '(Ljava/lang/Object;)V' in 'java/lang/ref/Reference')}
  0x000002d246dcb07c: 0749 baf8 | 7203 5cd2 | 0200 004c | 8954 2408 | 48c7 0424 | ffff ffff 

  0x000002d246dcb094: ;   {runtime_call counter_overflow Runtime1 stub}
  0x000002d246dcb094: e8e7 e74c 

  0x000002d246dcb098: ; ImmutableOopMap {[80]=Oop [96]=Oop }
                      ;*synchronization entry
                      ; - java.lang.ref.Reference::reachabilityFence@-1 (line 628)
                      ; - java.security.AccessController::executePrivileged@60 (line 790)
                      ; - java.security.AccessController::doPrivileged@13 (line 400)
  0x000002d246dcb098: 07e9 47ff 

  0x000002d246dcb09c: ;   {metadata({method} {0x000002d25c037300} 'reachabilityFence' '(Ljava/lang/Object;)V' in 'java/lang/ref/Reference')}
  0x000002d246dcb09c: ffff 49ba | f872 035c | d202 0000 | 4c89 5424 | 0848 c704 | 24ff ffff 

  0x000002d246dcb0b4: ;   {runtime_call counter_overflow Runtime1 stub}
  0x000002d246dcb0b4: ffe8 c6e7 

  0x000002d246dcb0b8: ; ImmutableOopMap {[96]=Oop }
                      ;*synchronization entry
                      ; - java.lang.ref.Reference::reachabilityFence@-1 (line 628)
                      ; - java.security.AccessController::executePrivileged@64 (line 791)
                      ; - java.security.AccessController::doPrivileged@13 (line 400)
  0x000002d246dcb0b8: 4c07 e95f 

  0x000002d246dcb0bc: ;   {internal_word}
  0x000002d246dcb0bc: ffff ff49 | ba28 b0dc | 46d2 0200 | 004d 8997 | 7004 0000 

  0x000002d246dcb0d0: ;   {runtime_call SafepointBlob}
  0x000002d246dcb0d0: e92b a640 | 0749 8b87 | 0805 0000 | 49c7 8708 | 0500 0000 | 0000 0049 | c787 1005 | 0000 0000 
  0x000002d246dcb0f0: 0000 4883 

  0x000002d246dcb0f4: ;   {runtime_call unwind_exception Runtime1 stub}
  0x000002d246dcb0f4: c470 5de9 | 0459 4c07 | f4f4 f4f4 
[Stub Code]
  0x000002d246dcb100: ;   {no_reloc}
  0x000002d246dcb100: 0f1f 4400 

  0x000002d246dcb104: ;   {static_stub}
  0x000002d246dcb104: 0048 bb00 | 0000 0000 

  0x000002d246dcb10c: ;   {runtime_call}
  0x000002d246dcb10c: 0000 00e9 | fbff ffff 

  0x000002d246dcb114: ;   {static_stub}
  0x000002d246dcb114: 48bb 0000 | 0000 0000 

  0x000002d246dcb11c: ;   {runtime_call}
  0x000002d246dcb11c: 0000 e9fb 

  0x000002d246dcb120: ;   {static_stub}
  0x000002d246dcb120: ffff ff48 | bb00 0000 | 0000 0000 

  0x000002d246dcb12c: ;   {runtime_call}
  0x000002d246dcb12c: 00e9 fbff 

  0x000002d246dcb130: ;   {static_stub}
  0x000002d246dcb130: ffff 48bb | 0000 0000 | 0000 0000 

  0x000002d246dcb13c: ;   {runtime_call}
  0x000002d246dcb13c: e9fb ffff 

  0x000002d246dcb140: ;   {runtime_call handle_exception_from_callee Runtime1 stub}
  0x000002d246dcb140: ffe8 3aa1 

  0x000002d246dcb144: ;   {external_word}
  0x000002d246dcb144: 4c07 48b9 | c028 b24a | fb7f 0000 | 4883 e4f0 

  0x000002d246dcb154: ;   {runtime_call}
  0x000002d246dcb154: 48b8 3099 | 794a fb7f | 0000 ffd0 

  0x000002d246dcb160: ;   {section_word}
  0x000002d246dcb160: f449 ba61 | b1dc 46d2 | 0200 0041 

  0x000002d246dcb16c: ;   {runtime_call DeoptimizationBlob}
  0x000002d246dcb16c: 52e9 2e98 | 4007 f4f4 | f4f4 f4f4 
[/MachCode]


---------------  P R O C E S S  ---------------

Threads class SMR info:
_java_thread_list=0x000002d2a22a7980, length=16, elements={
0x000002d25b818280, 0x000002d25b81bb10, 0x000002d25b81fcb0, 0x000002d25b824930,
0x000002d25b825f00, 0x000002d25b828ab0, 0x000002d25b842800, 0x000002d25b866150,
0x000002d25b82b8a0, 0x000002d25b82b210, 0x000002d25b82bf30, 0x000002d25b829140,
0x000002d25b8297d0, 0x000002d25b829e60, 0x000002d25b82a4f0, 0x000002d2a21afcc0
}

Java Threads: ( => current thread )
  0x000002d25b818280 JavaThread "Reference Handler"          daemon [_thread_blocked, id=15024, stack(0x000000d4a4400000,0x000000d4a4500000) (1024K)]
  0x000002d25b81bb10 JavaThread "Finalizer"                  daemon [_thread_blocked, id=18452, stack(0x000000d4a4500000,0x000000d4a4600000) (1024K)]
  0x000002d25b81fcb0 JavaThread "Signal Dispatcher"          daemon [_thread_blocked, id=10800, stack(0x000000d4a4600000,0x000000d4a4700000) (1024K)]
  0x000002d25b824930 JavaThread "Attach Listener"            daemon [_thread_blocked, id=16636, stack(0x000000d4a4700000,0x000000d4a4800000) (1024K)]
  0x000002d25b825f00 JavaThread "Service Thread"             daemon [_thread_blocked, id=8032, stack(0x000000d4a4800000,0x000000d4a4900000) (1024K)]
  0x000002d25b828ab0 JavaThread "Monitor Deflation Thread"   daemon [_thread_blocked, id=7076, stack(0x000000d4a4900000,0x000000d4a4a00000) (1024K)]
  0x000002d25b842800 JavaThread "C2 CompilerThread0"         daemon [_thread_blocked, id=6744, stack(0x000000d4a4a00000,0x000000d4a4b00000) (1024K)]
  0x000002d25b866150 JavaThread "C1 CompilerThread0"         daemon [_thread_blocked, id=15892, stack(0x000000d4a4b00000,0x000000d4a4c00000) (1024K)]
  0x000002d25b82b8a0 JavaThread "Common-Cleaner"             daemon [_thread_blocked, id=19360, stack(0x000000d4a4c00000,0x000000d4a4d00000) (1024K)]
  0x000002d25b82b210 JavaThread "Notification Thread"        daemon [_thread_blocked, id=13652, stack(0x000000d4a4e00000,0x000000d4a4f00000) (1024K)]
  0x000002d25b82bf30 JavaThread "Java2D Disposer"            daemon [_thread_blocked, id=3852, stack(0x000000d4a4f00000,0x000000d4a5000000) (1024K)]
  0x000002d25b829140 JavaThread "AWT-Shutdown"                      [_thread_blocked, id=16344, stack(0x000000d4a5000000,0x000000d4a5100000) (1024K)]
  0x000002d25b8297d0 JavaThread "AWT-Windows"                daemon [_thread_in_native, id=7724, stack(0x000000d4a5100000,0x000000d4a5200000) (1024K)]
=>0x000002d25b829e60 JavaThread "AWT-EventQueue-0"                  [_thread_in_native, id=19244, stack(0x000000d4a4d00000,0x000000d4a4e00000) (1024K)]
  0x000002d25b82a4f0 JavaThread "DestroyJavaVM"                     [_thread_blocked, id=13992, stack(0x000000d4a3c00000,0x000000d4a3d00000) (1024K)]
  0x000002d2a21afcc0 JavaThread "mysql-cj-abandoned-connection-cleanup" daemon [_thread_blocked, id=15476, stack(0x000000d4a5400000,0x000000d4a5500000) (1024K)]
Total: 16

Other Threads:
  0x000002d25b7fe3f0 VMThread "VM Thread"                           [id=15676, stack(0x000000d4a4300000,0x000000d4a4400000) (1024K)]
  0x000002d25b7e2ea0 WatcherThread "VM Periodic Task Thread"        [id=4596, stack(0x000000d4a4200000,0x000000d4a4300000) (1024K)]
  0x000002d23e87ce70 WorkerThread "GC Thread#0"                     [id=14408, stack(0x000000d4a3d00000,0x000000d4a3e00000) (1024K)]
  0x000002d2a22ffb30 WorkerThread "GC Thread#1"                     [id=17100, stack(0x000000d4a5500000,0x000000d4a5600000) (1024K)]
  0x000002d2a226c120 WorkerThread "GC Thread#2"                     [id=7360, stack(0x000000d4a5600000,0x000000d4a5700000) (1024K)]
  0x000002d2a226c4d0 WorkerThread "GC Thread#3"                     [id=2916, stack(0x000000d4a5700000,0x000000d4a5800000) (1024K)]
  0x000002d2a2282d80 WorkerThread "GC Thread#4"                     [id=15064, stack(0x000000d4a5800000,0x000000d4a5900000) (1024K)]
  0x000002d2a2283130 WorkerThread "GC Thread#5"                     [id=17852, stack(0x000000d4a5900000,0x000000d4a5a00000) (1024K)]
  0x000002d2a20f3610 WorkerThread "GC Thread#6"                     [id=16668, stack(0x000000d4a5a00000,0x000000d4a5b00000) (1024K)]
  0x000002d2a1f64320 WorkerThread "GC Thread#7"                     [id=7940, stack(0x000000d4a5b00000,0x000000d4a5c00000) (1024K)]
  0x000002d23e88f110 ConcurrentGCThread "G1 Main Marker"            [id=6040, stack(0x000000d4a3e00000,0x000000d4a3f00000) (1024K)]
  0x000002d23e8913d0 WorkerThread "G1 Conc#0"                       [id=3432, stack(0x000000d4a3f00000,0x000000d4a4000000) (1024K)]
  0x000002d25b6b1560 ConcurrentGCThread "G1 Refine#0"               [id=15076, stack(0x000000d4a4000000,0x000000d4a4100000) (1024K)]
  0x000002d25b6b2f90 ConcurrentGCThread "G1 Service"                [id=10736, stack(0x000000d4a4100000,0x000000d4a4200000) (1024K)]
Total: 14

Threads with active compile tasks:
Total: 0

VM state: not at safepoint (normal execution)

VM Mutex/Monitor currently owned by a thread: None

Heap address: 0x0000000082800000, size: 2008 MB, Compressed Oops mode: 32-bit

CDS archive(s) mapped at: [0x000002d25c000000-0x000002d25cc60000-0x000002d25cc60000), size 12976128, SharedBaseAddress: 0x000002d25c000000, ArchiveRelocationMode: 1.
Compressed class space mapped at: 0x000002d25d000000-0x000002d29d000000, reserved size: 1073741824
Narrow klass base: 0x000002d25c000000, Narrow klass shift: 0, Narrow klass range: 0x41000000

GC Precious Log:
 CardTable entry size: 512
 Card Set container configuration: InlinePtr #cards 5 size 8 Array Of Cards #cards 12 size 40 Howl #buckets 4 coarsen threshold 1843 Howl Bitmap #cards 512 size 80 coarsen threshold 460 Card regions per heap region 1 cards per card region 2048
 CPUs: 8 total, 8 available
 Memory: 8029M
 Large Page Support: Disabled
 NUMA Support: Disabled
 Compressed Oops: Enabled (32-bit)
 Heap Region Size: 1M
 Heap Min Capacity: 8M
 Heap Initial Capacity: 126M
 Heap Max Capacity: 2008M
 Pre-touch: Disabled
 Parallel Workers: 8
 Concurrent Workers: 2
 Concurrent Refinement Workers: 8
 Periodic GC: Disabled

Heap:
 garbage-first heap   total reserved 2056192K, committed 129024K, used 9881K [0x0000000082800000, 0x0000000100000000)
  region size 1024K, 6 young (6144K), 3 survivors (3072K)
 Metaspace       used 14430K, committed 14720K, reserved 1114112K
  class space    used 1591K, committed 1728K, reserved 1048576K

Heap Regions: E=young(eden), S=young(survivor), O=old, HS=humongous(starts), HC=humongous(continues), CS=collection set, F=free, TAMS=top-at-mark-start, PB=parsable bottom
|   0|0x0000000082800000, 0x0000000082900000, 0x0000000082900000|100%|HS|  |TAMS 0x0000000082800000| PB 0x0000000082800000| Complete |  0
|   1|0x0000000082900000, 0x0000000082a00000, 0x0000000082a00000|100%|HC|  |TAMS 0x0000000082900000| PB 0x0000000082900000| Complete |  0
|   2|0x0000000082a00000, 0x0000000082b00000, 0x0000000082b00000|100%|HC|  |TAMS 0x0000000082a00000| PB 0x0000000082a00000| Complete |  0
|   3|0x0000000082b00000, 0x0000000082c00000, 0x0000000082c00000|100%| O|  |TAMS 0x0000000082b00000| PB 0x0000000082b00000| Untracked |  0
|   4|0x0000000082c00000, 0x0000000082ca64c0, 0x0000000082d00000| 64%| O|  |TAMS 0x0000000082c00000| PB 0x0000000082c00000| Untracked |  0
|   5|0x0000000082d00000, 0x0000000082d00000, 0x0000000082e00000|  0%| F|  |TAMS 0x0000000082d00000| PB 0x0000000082d00000| Untracked |  0
|   6|0x0000000082e00000, 0x0000000082e00000, 0x0000000082f00000|  0%| F|  |TAMS 0x0000000082e00000| PB 0x0000000082e00000| Untracked |  0
|   7|0x0000000082f00000, 0x0000000082f00000, 0x0000000083000000|  0%| F|  |TAMS 0x0000000082f00000| PB 0x0000000082f00000| Untracked |  0
|   8|0x0000000083000000, 0x0000000083000000, 0x0000000083100000|  0%| F|  |TAMS 0x0000000083000000| PB 0x0000000083000000| Untracked |  0
|   9|0x0000000083100000, 0x0000000083100000, 0x0000000083200000|  0%| F|  |TAMS 0x0000000083100000| PB 0x0000000083100000| Untracked |  0
|  10|0x0000000083200000, 0x0000000083200000, 0x0000000083300000|  0%| F|  |TAMS 0x0000000083200000| PB 0x0000000083200000| Untracked |  0
|  11|0x0000000083300000, 0x0000000083300000, 0x0000000083400000|  0%| F|  |TAMS 0x0000000083300000| PB 0x0000000083300000| Untracked |  0
|  12|0x0000000083400000, 0x0000000083400000, 0x0000000083500000|  0%| F|  |TAMS 0x0000000083400000| PB 0x0000000083400000| Untracked |  0
|  13|0x0000000083500000, 0x0000000083500000, 0x0000000083600000|  0%| F|  |TAMS 0x0000000083500000| PB 0x0000000083500000| Untracked |  0
|  14|0x0000000083600000, 0x0000000083600000, 0x0000000083700000|  0%| F|  |TAMS 0x0000000083600000| PB 0x0000000083600000| Untracked |  0
|  15|0x0000000083700000, 0x0000000083700000, 0x0000000083800000|  0%| F|  |TAMS 0x0000000083700000| PB 0x0000000083700000| Untracked |  0
|  16|0x0000000083800000, 0x0000000083800000, 0x0000000083900000|  0%| F|  |TAMS 0x0000000083800000| PB 0x0000000083800000| Untracked |  0
|  17|0x0000000083900000, 0x0000000083900000, 0x0000000083a00000|  0%| F|  |TAMS 0x0000000083900000| PB 0x0000000083900000| Untracked |  0
|  18|0x0000000083a00000, 0x0000000083a00000, 0x0000000083b00000|  0%| F|  |TAMS 0x0000000083a00000| PB 0x0000000083a00000| Untracked |  0
|  19|0x0000000083b00000, 0x0000000083b00000, 0x0000000083c00000|  0%| F|  |TAMS 0x0000000083b00000| PB 0x0000000083b00000| Untracked |  0
|  20|0x0000000083c00000, 0x0000000083c00000, 0x0000000083d00000|  0%| F|  |TAMS 0x0000000083c00000| PB 0x0000000083c00000| Untracked |  0
|  21|0x0000000083d00000, 0x0000000083d00000, 0x0000000083e00000|  0%| F|  |TAMS 0x0000000083d00000| PB 0x0000000083d00000| Untracked |  0
|  22|0x0000000083e00000, 0x0000000083e00000, 0x0000000083f00000|  0%| F|  |TAMS 0x0000000083e00000| PB 0x0000000083e00000| Untracked |  0
|  23|0x0000000083f00000, 0x0000000083f00000, 0x0000000084000000|  0%| F|  |TAMS 0x0000000083f00000| PB 0x0000000083f00000| Untracked |  0
|  24|0x0000000084000000, 0x0000000084000000, 0x0000000084100000|  0%| F|  |TAMS 0x0000000084000000| PB 0x0000000084000000| Untracked |  0
|  25|0x0000000084100000, 0x0000000084100000, 0x0000000084200000|  0%| F|  |TAMS 0x0000000084100000| PB 0x0000000084100000| Untracked |  0
|  26|0x0000000084200000, 0x0000000084200000, 0x0000000084300000|  0%| F|  |TAMS 0x0000000084200000| PB 0x0000000084200000| Untracked |  0
|  27|0x0000000084300000, 0x0000000084300000, 0x0000000084400000|  0%| F|  |TAMS 0x0000000084300000| PB 0x0000000084300000| Untracked |  0
|  28|0x0000000084400000, 0x0000000084400000, 0x0000000084500000|  0%| F|  |TAMS 0x0000000084400000| PB 0x0000000084400000| Untracked |  0
|  29|0x0000000084500000, 0x0000000084500000, 0x0000000084600000|  0%| F|  |TAMS 0x0000000084500000| PB 0x0000000084500000| Untracked |  0
|  30|0x0000000084600000, 0x0000000084600000, 0x0000000084700000|  0%| F|  |TAMS 0x0000000084600000| PB 0x0000000084600000| Untracked |  0
|  31|0x0000000084700000, 0x0000000084700000, 0x0000000084800000|  0%| F|  |TAMS 0x0000000084700000| PB 0x0000000084700000| Untracked |  0
|  32|0x0000000084800000, 0x0000000084800000, 0x0000000084900000|  0%| F|  |TAMS 0x0000000084800000| PB 0x0000000084800000| Untracked |  0
|  33|0x0000000084900000, 0x0000000084900000, 0x0000000084a00000|  0%| F|  |TAMS 0x0000000084900000| PB 0x0000000084900000| Untracked |  0
|  34|0x0000000084a00000, 0x0000000084a00000, 0x0000000084b00000|  0%| F|  |TAMS 0x0000000084a00000| PB 0x0000000084a00000| Untracked |  0
|  35|0x0000000084b00000, 0x0000000084b00000, 0x0000000084c00000|  0%| F|  |TAMS 0x0000000084b00000| PB 0x0000000084b00000| Untracked |  0
|  36|0x0000000084c00000, 0x0000000084c00000, 0x0000000084d00000|  0%| F|  |TAMS 0x0000000084c00000| PB 0x0000000084c00000| Untracked |  0
|  37|0x0000000084d00000, 0x0000000084d00000, 0x0000000084e00000|  0%| F|  |TAMS 0x0000000084d00000| PB 0x0000000084d00000| Untracked |  0
|  38|0x0000000084e00000, 0x0000000084e00000, 0x0000000084f00000|  0%| F|  |TAMS 0x0000000084e00000| PB 0x0000000084e00000| Untracked |  0
|  39|0x0000000084f00000, 0x0000000084f00000, 0x0000000085000000|  0%| F|  |TAMS 0x0000000084f00000| PB 0x0000000084f00000| Untracked |  0
|  40|0x0000000085000000, 0x0000000085000000, 0x0000000085100000|  0%| F|  |TAMS 0x0000000085000000| PB 0x0000000085000000| Untracked |  0
|  41|0x0000000085100000, 0x0000000085100000, 0x0000000085200000|  0%| F|  |TAMS 0x0000000085100000| PB 0x0000000085100000| Untracked |  0
|  42|0x0000000085200000, 0x0000000085200000, 0x0000000085300000|  0%| F|  |TAMS 0x0000000085200000| PB 0x0000000085200000| Untracked |  0
|  43|0x0000000085300000, 0x0000000085300000, 0x0000000085400000|  0%| F|  |TAMS 0x0000000085300000| PB 0x0000000085300000| Untracked |  0
|  44|0x0000000085400000, 0x0000000085400000, 0x0000000085500000|  0%| F|  |TAMS 0x0000000085400000| PB 0x0000000085400000| Untracked |  0
|  45|0x0000000085500000, 0x0000000085500000, 0x0000000085600000|  0%| F|  |TAMS 0x0000000085500000| PB 0x0000000085500000| Untracked |  0
|  46|0x0000000085600000, 0x0000000085600000, 0x0000000085700000|  0%| F|  |TAMS 0x0000000085600000| PB 0x0000000085600000| Untracked |  0
|  47|0x0000000085700000, 0x0000000085700000, 0x0000000085800000|  0%| F|  |TAMS 0x0000000085700000| PB 0x0000000085700000| Untracked |  0
|  48|0x0000000085800000, 0x0000000085800000, 0x0000000085900000|  0%| F|  |TAMS 0x0000000085800000| PB 0x0000000085800000| Untracked |  0
|  49|0x0000000085900000, 0x0000000085900000, 0x0000000085a00000|  0%| F|  |TAMS 0x0000000085900000| PB 0x0000000085900000| Untracked |  0
|  50|0x0000000085a00000, 0x0000000085a00000, 0x0000000085b00000|  0%| F|  |TAMS 0x0000000085a00000| PB 0x0000000085a00000| Untracked |  0
|  51|0x0000000085b00000, 0x0000000085b00000, 0x0000000085c00000|  0%| F|  |TAMS 0x0000000085b00000| PB 0x0000000085b00000| Untracked |  0
|  52|0x0000000085c00000, 0x0000000085c00000, 0x0000000085d00000|  0%| F|  |TAMS 0x0000000085c00000| PB 0x0000000085c00000| Untracked |  0
|  53|0x0000000085d00000, 0x0000000085d00000, 0x0000000085e00000|  0%| F|  |TAMS 0x0000000085d00000| PB 0x0000000085d00000| Untracked |  0
|  54|0x0000000085e00000, 0x0000000085e00000, 0x0000000085f00000|  0%| F|  |TAMS 0x0000000085e00000| PB 0x0000000085e00000| Untracked |  0
|  55|0x0000000085f00000, 0x0000000085f00000, 0x0000000086000000|  0%| F|  |TAMS 0x0000000085f00000| PB 0x0000000085f00000| Untracked |  0
|  56|0x0000000086000000, 0x0000000086000000, 0x0000000086100000|  0%| F|  |TAMS 0x0000000086000000| PB 0x0000000086000000| Untracked |  0
|  57|0x0000000086100000, 0x0000000086100000, 0x0000000086200000|  0%| F|  |TAMS 0x0000000086100000| PB 0x0000000086100000| Untracked |  0
|  58|0x0000000086200000, 0x0000000086200000, 0x0000000086300000|  0%| F|  |TAMS 0x0000000086200000| PB 0x0000000086200000| Untracked |  0
|  59|0x0000000086300000, 0x0000000086300000, 0x0000000086400000|  0%| F|  |TAMS 0x0000000086300000| PB 0x0000000086300000| Untracked |  0
|  60|0x0000000086400000, 0x0000000086400000, 0x0000000086500000|  0%| F|  |TAMS 0x0000000086400000| PB 0x0000000086400000| Untracked |  0
|  61|0x0000000086500000, 0x0000000086500000, 0x0000000086600000|  0%| F|  |TAMS 0x0000000086500000| PB 0x0000000086500000| Untracked |  0
|  62|0x0000000086600000, 0x0000000086600000, 0x0000000086700000|  0%| F|  |TAMS 0x0000000086600000| PB 0x0000000086600000| Untracked |  0
|  63|0x0000000086700000, 0x0000000086700000, 0x0000000086800000|  0%| F|  |TAMS 0x0000000086700000| PB 0x0000000086700000| Untracked |  0
|  64|0x0000000086800000, 0x0000000086800000, 0x0000000086900000|  0%| F|  |TAMS 0x0000000086800000| PB 0x0000000086800000| Untracked |  0
|  65|0x0000000086900000, 0x0000000086900000, 0x0000000086a00000|  0%| F|  |TAMS 0x0000000086900000| PB 0x0000000086900000| Untracked |  0
|  66|0x0000000086a00000, 0x0000000086a00000, 0x0000000086b00000|  0%| F|  |TAMS 0x0000000086a00000| PB 0x0000000086a00000| Untracked |  0
|  67|0x0000000086b00000, 0x0000000086b00000, 0x0000000086c00000|  0%| F|  |TAMS 0x0000000086b00000| PB 0x0000000086b00000| Untracked |  0
|  68|0x0000000086c00000, 0x0000000086c00000, 0x0000000086d00000|  0%| F|  |TAMS 0x0000000086c00000| PB 0x0000000086c00000| Untracked |  0
|  69|0x0000000086d00000, 0x0000000086d00000, 0x0000000086e00000|  0%| F|  |TAMS 0x0000000086d00000| PB 0x0000000086d00000| Untracked |  0
|  70|0x0000000086e00000, 0x0000000086e00000, 0x0000000086f00000|  0%| F|  |TAMS 0x0000000086e00000| PB 0x0000000086e00000| Untracked |  0
|  71|0x0000000086f00000, 0x0000000086f00000, 0x0000000087000000|  0%| F|  |TAMS 0x0000000086f00000| PB 0x0000000086f00000| Untracked |  0
|  72|0x0000000087000000, 0x0000000087000000, 0x0000000087100000|  0%| F|  |TAMS 0x0000000087000000| PB 0x0000000087000000| Untracked |  0
|  73|0x0000000087100000, 0x0000000087100000, 0x0000000087200000|  0%| F|  |TAMS 0x0000000087100000| PB 0x0000000087100000| Untracked |  0
|  74|0x0000000087200000, 0x0000000087200000, 0x0000000087300000|  0%| F|  |TAMS 0x0000000087200000| PB 0x0000000087200000| Untracked |  0
|  75|0x0000000087300000, 0x0000000087300000, 0x0000000087400000|  0%| F|  |TAMS 0x0000000087300000| PB 0x0000000087300000| Untracked |  0
|  76|0x0000000087400000, 0x0000000087400000, 0x0000000087500000|  0%| F|  |TAMS 0x0000000087400000| PB 0x0000000087400000| Untracked |  0
|  77|0x0000000087500000, 0x0000000087500000, 0x0000000087600000|  0%| F|  |TAMS 0x0000000087500000| PB 0x0000000087500000| Untracked |  0
|  78|0x0000000087600000, 0x0000000087600000, 0x0000000087700000|  0%| F|  |TAMS 0x0000000087600000| PB 0x0000000087600000| Untracked |  0
|  79|0x0000000087700000, 0x0000000087700000, 0x0000000087800000|  0%| F|  |TAMS 0x0000000087700000| PB 0x0000000087700000| Untracked |  0
|  80|0x0000000087800000, 0x0000000087800000, 0x0000000087900000|  0%| F|  |TAMS 0x0000000087800000| PB 0x0000000087800000| Untracked |  0
|  81|0x0000000087900000, 0x0000000087900000, 0x0000000087a00000|  0%| F|  |TAMS 0x0000000087900000| PB 0x0000000087900000| Untracked |  0
|  82|0x0000000087a00000, 0x0000000087a00000, 0x0000000087b00000|  0%| F|  |TAMS 0x0000000087a00000| PB 0x0000000087a00000| Untracked |  0
|  83|0x0000000087b00000, 0x0000000087b00000, 0x0000000087c00000|  0%| F|  |TAMS 0x0000000087b00000| PB 0x0000000087b00000| Untracked |  0
|  84|0x0000000087c00000, 0x0000000087c00000, 0x0000000087d00000|  0%| F|  |TAMS 0x0000000087c00000| PB 0x0000000087c00000| Untracked |  0
|  85|0x0000000087d00000, 0x0000000087d00000, 0x0000000087e00000|  0%| F|  |TAMS 0x0000000087d00000| PB 0x0000000087d00000| Untracked |  0
|  86|0x0000000087e00000, 0x0000000087e00000, 0x0000000087f00000|  0%| F|  |TAMS 0x0000000087e00000| PB 0x0000000087e00000| Untracked |  0
|  87|0x0000000087f00000, 0x0000000087f00000, 0x0000000088000000|  0%| F|  |TAMS 0x0000000087f00000| PB 0x0000000087f00000| Untracked |  0
|  88|0x0000000088000000, 0x0000000088000000, 0x0000000088100000|  0%| F|  |TAMS 0x0000000088000000| PB 0x0000000088000000| Untracked |  0
|  89|0x0000000088100000, 0x0000000088100000, 0x0000000088200000|  0%| F|  |TAMS 0x0000000088100000| PB 0x0000000088100000| Untracked |  0
|  90|0x0000000088200000, 0x0000000088200000, 0x0000000088300000|  0%| F|  |TAMS 0x0000000088200000| PB 0x0000000088200000| Untracked |  0
|  91|0x0000000088300000, 0x0000000088300000, 0x0000000088400000|  0%| F|  |TAMS 0x0000000088300000| PB 0x0000000088300000| Untracked |  0
|  92|0x0000000088400000, 0x0000000088400000, 0x0000000088500000|  0%| F|  |TAMS 0x0000000088400000| PB 0x0000000088400000| Untracked |  0
|  93|0x0000000088500000, 0x0000000088500000, 0x0000000088600000|  0%| F|  |TAMS 0x0000000088500000| PB 0x0000000088500000| Untracked |  0
|  94|0x0000000088600000, 0x0000000088600000, 0x0000000088700000|  0%| F|  |TAMS 0x0000000088600000| PB 0x0000000088600000| Untracked |  0
|  95|0x0000000088700000, 0x0000000088700000, 0x0000000088800000|  0%| F|  |TAMS 0x0000000088700000| PB 0x0000000088700000| Untracked |  0
|  96|0x0000000088800000, 0x0000000088800000, 0x0000000088900000|  0%| F|  |TAMS 0x0000000088800000| PB 0x0000000088800000| Untracked |  0
|  97|0x0000000088900000, 0x0000000088900000, 0x0000000088a00000|  0%| F|  |TAMS 0x0000000088900000| PB 0x0000000088900000| Untracked |  0
|  98|0x0000000088a00000, 0x0000000088a00000, 0x0000000088b00000|  0%| F|  |TAMS 0x0000000088a00000| PB 0x0000000088a00000| Untracked |  0
|  99|0x0000000088b00000, 0x0000000088c00000, 0x0000000088c00000|100%| S|CS|TAMS 0x0000000088b00000| PB 0x0000000088b00000| Complete |  0
| 100|0x0000000088c00000, 0x0000000088d00000, 0x0000000088d00000|100%| S|CS|TAMS 0x0000000088c00000| PB 0x0000000088c00000| Complete |  0
| 101|0x0000000088d00000, 0x0000000088e00000, 0x0000000088e00000|100%| S|CS|TAMS 0x0000000088d00000| PB 0x0000000088d00000| Complete |  0
| 102|0x0000000088e00000, 0x0000000088e00000, 0x0000000088f00000|  0%| F|  |TAMS 0x0000000088e00000| PB 0x0000000088e00000| Untracked |  0
| 103|0x0000000088f00000, 0x0000000088f00000, 0x0000000089000000|  0%| F|  |TAMS 0x0000000088f00000| PB 0x0000000088f00000| Untracked |  0
| 104|0x0000000089000000, 0x0000000089000000, 0x0000000089100000|  0%| F|  |TAMS 0x0000000089000000| PB 0x0000000089000000| Untracked |  0
| 105|0x0000000089100000, 0x0000000089100000, 0x0000000089200000|  0%| F|  |TAMS 0x0000000089100000| PB 0x0000000089100000| Untracked |  0
| 106|0x0000000089200000, 0x0000000089200000, 0x0000000089300000|  0%| F|  |TAMS 0x0000000089200000| PB 0x0000000089200000| Untracked |  0
| 107|0x0000000089300000, 0x0000000089300000, 0x0000000089400000|  0%| F|  |TAMS 0x0000000089300000| PB 0x0000000089300000| Untracked |  0
| 108|0x0000000089400000, 0x0000000089400000, 0x0000000089500000|  0%| F|  |TAMS 0x0000000089400000| PB 0x0000000089400000| Untracked |  0
| 109|0x0000000089500000, 0x0000000089500000, 0x0000000089600000|  0%| F|  |TAMS 0x0000000089500000| PB 0x0000000089500000| Untracked |  0
| 110|0x0000000089600000, 0x0000000089600000, 0x0000000089700000|  0%| F|  |TAMS 0x0000000089600000| PB 0x0000000089600000| Untracked |  0
| 111|0x0000000089700000, 0x0000000089700000, 0x0000000089800000|  0%| F|  |TAMS 0x0000000089700000| PB 0x0000000089700000| Untracked |  0
| 112|0x0000000089800000, 0x0000000089800000, 0x0000000089900000|  0%| F|  |TAMS 0x0000000089800000| PB 0x0000000089800000| Untracked |  0
| 113|0x0000000089900000, 0x0000000089900000, 0x0000000089a00000|  0%| F|  |TAMS 0x0000000089900000| PB 0x0000000089900000| Untracked |  0
| 114|0x0000000089a00000, 0x0000000089a00000, 0x0000000089b00000|  0%| F|  |TAMS 0x0000000089a00000| PB 0x0000000089a00000| Untracked |  0
| 115|0x0000000089b00000, 0x0000000089b00000, 0x0000000089c00000|  0%| F|  |TAMS 0x0000000089b00000| PB 0x0000000089b00000| Untracked |  0
| 116|0x0000000089c00000, 0x0000000089c00000, 0x0000000089d00000|  0%| F|  |TAMS 0x0000000089c00000| PB 0x0000000089c00000| Untracked |  0
| 117|0x0000000089d00000, 0x0000000089d00000, 0x0000000089e00000|  0%| F|  |TAMS 0x0000000089d00000| PB 0x0000000089d00000| Untracked |  0
| 118|0x0000000089e00000, 0x0000000089e00000, 0x0000000089f00000|  0%| F|  |TAMS 0x0000000089e00000| PB 0x0000000089e00000| Untracked |  0
| 119|0x0000000089f00000, 0x0000000089f00000, 0x000000008a000000|  0%| F|  |TAMS 0x0000000089f00000| PB 0x0000000089f00000| Untracked |  0
| 120|0x000000008a000000, 0x000000008a000000, 0x000000008a100000|  0%| F|  |TAMS 0x000000008a000000| PB 0x000000008a000000| Untracked |  0
| 121|0x000000008a100000, 0x000000008a100000, 0x000000008a200000|  0%| F|  |TAMS 0x000000008a100000| PB 0x000000008a100000| Untracked |  0
| 122|0x000000008a200000, 0x000000008a200000, 0x000000008a300000|  0%| F|  |TAMS 0x000000008a200000| PB 0x000000008a200000| Untracked |  0
| 123|0x000000008a300000, 0x000000008a400000, 0x000000008a400000|100%| E|  |TAMS 0x000000008a300000| PB 0x000000008a300000| Complete |  0
| 124|0x000000008a400000, 0x000000008a500000, 0x000000008a500000|100%| E|CS|TAMS 0x000000008a400000| PB 0x000000008a400000| Complete |  0
| 125|0x000000008a500000, 0x000000008a600000, 0x000000008a600000|100%| E|CS|TAMS 0x000000008a500000| PB 0x000000008a500000| Complete |  0

Card table byte_map: [0x000002d256aa0000,0x000002d256e90000] _byte_map_base: 0x000002d25668c000

Marking Bits: (CMBitMap*) 0x000002d23e87dd90
 Bits: [0x000002d256e90000, 0x000002d258df0000)

Polling page: 0x000002d23d1c0000

Metaspace:

Usage:
  Non-class:     12.54 MB used.
      Class:      1.55 MB used.
       Both:     14.09 MB used.

Virtual space:
  Non-class space:       64.00 MB reserved,      12.69 MB ( 20%) committed,  1 nodes.
      Class space:        1.00 GB reserved,       1.69 MB ( <1%) committed,  1 nodes.
             Both:        1.06 GB reserved,      14.38 MB (  1%) committed. 

Chunk freelists:
   Non-Class:  2.64 MB
       Class:  14.28 MB
        Both:  16.92 MB

MaxMetaspaceSize: unlimited
CompressedClassSpaceSize: 1.00 GB
Initial GC threshold: 21.00 MB
Current GC threshold: 21.00 MB
CDS: on
 - commit_granule_bytes: 65536.
 - commit_granule_words: 8192.
 - virtual_space_node_default_size: 8388608.
 - enlarge_chunks_in_place: 1.
 - use_allocation_guard: 0.


Internal statistics:

num_allocs_failed_limit: 0.
num_arena_births: 196.
num_arena_deaths: 0.
num_vsnodes_births: 2.
num_vsnodes_deaths: 0.
num_space_committed: 230.
num_space_uncommitted: 0.
num_chunks_returned_to_freelist: 0.
num_chunks_taken_from_freelist: 412.
num_chunk_merges: 0.
num_chunk_splits: 281.
num_chunks_enlarged: 185.
num_inconsistent_stats: 0.

CodeHeap 'non-profiled nmethods': size=120000Kb used=512Kb max_used=512Kb free=119487Kb
 bounds [0x000002d24e720000, 0x000002d24e990000, 0x000002d255c50000]
CodeHeap 'profiled nmethods': size=120000Kb used=2709Kb max_used=2709Kb free=117290Kb
 bounds [0x000002d246c50000, 0x000002d246f00000, 0x000002d24e180000]
CodeHeap 'non-nmethods': size=5760Kb used=1668Kb max_used=1690Kb free=4091Kb
 bounds [0x000002d24e180000, 0x000002d24e3f0000, 0x000002d24e720000]
 total_blobs=2216 nmethods=1501 adapters=620
 compilation: enabled
              stopped_count=0, restarted_count=0
 full_count=0

Compilation events (20 events):
Event: 402.315 Thread 0x000002d25b866150 nmethod 1490 0x000002d24e79f010 code [0x000002d24e79f1a0, 0x000002d24e79f268]
Event: 437.347 Thread 0x000002d25b866150 1491   !   3       java.lang.ref.ReferenceQueue::remove (61 bytes)
Event: 437.347 Thread 0x000002d25b866150 nmethod 1491 0x000002d246eed390 code [0x000002d246eed600, 0x000002d246eee188]
Event: 437.347 Thread 0x000002d25b866150 1492       3       java.lang.ref.ReferenceQueue::remove0 (64 bytes)
Event: 437.347 Thread 0x000002d25b866150 nmethod 1492 0x000002d246eee510 code [0x000002d246eee700, 0x000002d246eeeb80]
Event: 532.500 Thread 0x000002d25b866150 1493       3       jdk.internal.misc.Unsafe::putReferenceOpaque (9 bytes)
Event: 532.500 Thread 0x000002d25b866150 nmethod 1493 0x000002d246eeed10 code [0x000002d246eeeea0, 0x000002d246eef000]
Event: 541.693 Thread 0x000002d25b866150 1494       3       java.util.concurrent.locks.LockSupport::setBlocker (12 bytes)
Event: 541.693 Thread 0x000002d25b866150 nmethod 1494 0x000002d246eef090 code [0x000002d246eef240, 0x000002d246eef448]
Event: 552.537 Thread 0x000002d25b866150 1495       3       java.util.concurrent.locks.AbstractQueuedSynchronizer$ConditionObject::canReacquire (38 bytes)
Event: 552.538 Thread 0x000002d25b866150 nmethod 1495 0x000002d246eef510 code [0x000002d246eef6c0, 0x000002d246eefa08]
Event: 557.545 Thread 0x000002d25b842800 1496       4       java.lang.System::getSecurityManager (12 bytes)
Event: 557.545 Thread 0x000002d25b842800 nmethod 1496 0x000002d24e79f310 code [0x000002d24e79f480, 0x000002d24e79f4e8]
Event: 567.554 Thread 0x000002d25b866150 1497       3       java.lang.ClassLoader::getResource (41 bytes)
Event: 567.555 Thread 0x000002d25b866150 nmethod 1497 0x000002d246eefb90 code [0x000002d246eefda0, 0x000002d246ef0390]
Event: 607.614 Thread 0x000002d25b866150 1498       3       java.io.WinNTFileSystem::resolve (349 bytes)
Event: 607.617 Thread 0x000002d25b866150 nmethod 1498 0x000002d246ef0590 code [0x000002d246ef0ac0, 0x000002d246ef38d8]
Event: 617.637 Thread 0x000002d25b866150 1499       1       jdk.internal.loader.URLClassPath$FileLoader$1::getURL (5 bytes)
Event: 617.638 Thread 0x000002d25b866150 nmethod 1499 0x000002d24e79f610 code [0x000002d24e79f7a0, 0x000002d24e79f868]
Event: 692.029 Thread 0x000002d25b842800 1500       4       jdk.internal.util.ReferencedKeyMap::removeStaleReferences (30 bytes)

GC Heap History (2 events):
Event: 1.614 GC heap before
{Heap before GC invocations=0 (full 0):
 garbage-first heap   total reserved 2056192K, committed 129024K, used 26624K [0x0000000082800000, 0x0000000100000000)
  region size 1024K, 24 young (24576K), 0 survivors (0K)
 Metaspace       used 13243K, committed 13504K, reserved 1114112K
  class space    used 1460K, committed 1600K, reserved 1048576K
}
Event: 1.622 GC heap after
{Heap after GC invocations=1 (full 0):
 garbage-first heap   total reserved 2056192K, committed 129024K, used 7833K [0x0000000082800000, 0x0000000100000000)
  region size 1024K, 3 young (3072K), 3 survivors (3072K)
 Metaspace       used 13243K, committed 13504K, reserved 1114112K
  class space    used 1460K, committed 1600K, reserved 1048576K
}

Dll operation events (10 events):
Event: 0.014 Loaded shared library C:\Program Files\Java\jdk-22\bin\java.dll
Event: 0.053 Loaded shared library C:\Program Files\Java\jdk-22\bin\jsvml.dll
Event: 0.106 Loaded shared library C:\Program Files\Java\jdk-22\bin\net.dll
Event: 0.109 Loaded shared library C:\Program Files\Java\jdk-22\bin\nio.dll
Event: 0.146 Loaded shared library C:\Program Files\Java\jdk-22\bin\zip.dll
Event: 0.173 Loaded shared library C:\Program Files\Java\jdk-22\bin\jimage.dll
Event: 0.209 Loaded shared library C:\Program Files\Java\jdk-22\bin\awt.dll
Event: 0.494 Loaded shared library C:\Program Files\Java\jdk-22\bin\freetype.dll
Event: 0.495 Loaded shared library C:\Program Files\Java\jdk-22\bin\fontmanager.dll
Event: 1.354 Loaded shared library C:\Program Files\Java\jdk-22\bin\extnet.dll

Deoptimization events (20 events):
Event: 1.148 Thread 0x000002d25b829e60 Uncommon trap: trap_request=0xffffffde fr.pc=0x000002d24e75bb94 relative=0x0000000000000334
Event: 1.149 Thread 0x000002d25b829e60 Uncommon trap: reason=class_check action=maybe_recompile pc=0x000002d24e75bb94 method=java.util.regex.Pattern$BmpCharPropertyGreedy.match(Ljava/util/regex/Matcher;ILjava/lang/CharSequence;)Z @ 26 c2
Event: 1.149 Thread 0x000002d25b829e60 DEOPT PACKING pc=0x000002d24e75bb94 sp=0x000000d4a4dfe8e0
Event: 1.149 Thread 0x000002d25b829e60 DEOPT UNPACKING pc=0x000002d24e1d46a2 sp=0x000000d4a4dfe898 mode 2
Event: 1.149 Thread 0x000002d25b829e60 Uncommon trap: trap_request=0xffffffde fr.pc=0x000002d24e75bb94 relative=0x0000000000000334
Event: 1.149 Thread 0x000002d25b829e60 Uncommon trap: reason=class_check action=maybe_recompile pc=0x000002d24e75bb94 method=java.util.regex.Pattern$BmpCharPropertyGreedy.match(Ljava/util/regex/Matcher;ILjava/lang/CharSequence;)Z @ 26 c2
Event: 1.149 Thread 0x000002d25b829e60 DEOPT PACKING pc=0x000002d24e75bb94 sp=0x000000d4a4dfe8e0
Event: 1.149 Thread 0x000002d25b829e60 DEOPT UNPACKING pc=0x000002d24e1d46a2 sp=0x000000d4a4dfe898 mode 2
Event: 1.150 Thread 0x000002d25b829e60 Uncommon trap: trap_request=0xffffffde fr.pc=0x000002d24e75bb94 relative=0x0000000000000334
Event: 1.150 Thread 0x000002d25b829e60 Uncommon trap: reason=class_check action=maybe_recompile pc=0x000002d24e75bb94 method=java.util.regex.Pattern$BmpCharPropertyGreedy.match(Ljava/util/regex/Matcher;ILjava/lang/CharSequence;)Z @ 26 c2
Event: 1.150 Thread 0x000002d25b829e60 DEOPT PACKING pc=0x000002d24e75bb94 sp=0x000000d4a4dfe7c0
Event: 1.150 Thread 0x000002d25b829e60 DEOPT UNPACKING pc=0x000002d24e1d46a2 sp=0x000000d4a4dfe778 mode 2
Event: 1.454 Thread 0x000002d25b829e60 Uncommon trap: trap_request=0xffffff45 fr.pc=0x000002d24e78d054 relative=0x0000000000000574
Event: 1.454 Thread 0x000002d25b829e60 Uncommon trap: reason=unstable_if action=reinterpret pc=0x000002d24e78d054 method=java.lang.AbstractStringBuilder.inflateIfNeededFor(Ljava/lang/String;)V @ 14 c2
Event: 1.454 Thread 0x000002d25b829e60 DEOPT PACKING pc=0x000002d24e78d054 sp=0x000000d4a4dfd1b0
Event: 1.454 Thread 0x000002d25b829e60 DEOPT UNPACKING pc=0x000002d24e1d46a2 sp=0x000000d4a4dfd0a8 mode 2
Event: 1.696 Thread 0x000002d25b829e60 Uncommon trap: trap_request=0xffffff45 fr.pc=0x000002d24e7872ec relative=0x000000000000006c
Event: 1.696 Thread 0x000002d25b829e60 Uncommon trap: reason=unstable_if action=reinterpret pc=0x000002d24e7872ec method=java.lang.ref.ReferenceQueue.headIsNull()Z @ 4 c2
Event: 1.696 Thread 0x000002d25b829e60 DEOPT PACKING pc=0x000002d24e7872ec sp=0x000000d4a4dfdd90
Event: 1.697 Thread 0x000002d25b829e60 DEOPT UNPACKING pc=0x000002d24e1d46a2 sp=0x000000d4a4dfdcb8 mode 2

Classes loaded (20 events):
Event: 1.719 Loading class java/awt/event/KeyAdapter done
Event: 1.719 Loading class javax/swing/ToolTipManager$AccessibilityKeyListener done
Event: 1.721 Loading class java/lang/Throwable$WrappedPrintStream
Event: 1.721 Loading class java/lang/Throwable$PrintStreamOrWriter
Event: 1.721 Loading class java/lang/Throwable$PrintStreamOrWriter done
Event: 1.721 Loading class java/lang/Throwable$WrappedPrintStream done
Event: 1.721 Loading class java/lang/StackTraceElement$HashedModules
Event: 1.722 Loading class java/lang/StackTraceElement$HashedModules done
Event: 1.723 Loading class java/awt/event/PaintEvent
Event: 1.723 Loading class java/awt/event/PaintEvent done
Event: 1.723 Loading class java/awt/EventQueue$5
Event: 1.723 Loading class java/awt/EventQueue$5 done
Event: 1.723 Loading class javax/swing/RepaintManager$2$1
Event: 1.723 Loading class javax/swing/RepaintManager$2$1 done
Event: 1.724 Loading class sun/awt/dnd/SunDropTargetEvent
Event: 1.724 Loading class sun/awt/dnd/SunDropTargetEvent done
Event: 1.725 Loading class java/awt/event/FocusEvent
Event: 1.725 Loading class java/awt/event/FocusEvent done
Event: 692.030 Loading class java/util/ArrayList$ListItr
Event: 692.031 Loading class java/util/ArrayList$ListItr done

Classes unloaded (0 events):
No events

Classes redefined (0 events):
No events

Internal exceptions (20 events):
Event: 0.568 Thread 0x000002d23ce3cd80 Exception <a 'java/lang/ClassNotFoundException'{0x000000008a0bc000}: javax/swing/JTreeCell> (0x000000008a0bc000) 
thrown [s\open\src\hotspot\share\classfile\systemDictionary.cpp, line 313]
Event: 0.568 Thread 0x000002d23ce3cd80 Exception <a 'java/lang/ClassNotFoundException'{0x000000008a0bc308}: TreeCell> (0x000000008a0bc308) 
thrown [s\open\src\hotspot\share\classfile\systemDictionary.cpp, line 313]
Event: 0.569 Thread 0x000002d23ce3cd80 Exception <a 'java/lang/ClassNotFoundException'{0x000000008a0bcab0}: RootPane> (0x000000008a0bcab0) 
thrown [s\open\src\hotspot\share\classfile\systemDictionary.cpp, line 313]
Event: 0.572 Thread 0x000002d23ce3cd80 Exception <a 'java/lang/ClassNotFoundException'{0x000000008a0bf840}: com/sun/swing/internal/plaf/metal/resources/spi/metalProvider> (0x000000008a0bf840) 
thrown [s\open\src\hotspot\share\classfile\systemDictionary.cpp, line 313]
Event: 0.575 Thread 0x000002d23ce3cd80 Exception <a 'java/lang/ClassNotFoundException'{0x000000008a0c34f0}: com/sun/swing/internal/plaf/basic/resources/spi/basicProvider> (0x000000008a0c34f0) 
thrown [s\open\src\hotspot\share\classfile\systemDictionary.cpp, line 313]
Event: 0.618 Thread 0x000002d25b829e60 Exception <a 'java/lang/ClassNotFoundException'{0x0000000089e12830}: com/sun/swing/internal/plaf/synth/resources/spi/synthProvider> (0x0000000089e12830) 
thrown [s\open\src\hotspot\share\classfile\systemDictionary.cpp, line 313]
Event: 0.647 Thread 0x000002d25b829e60 Exception <a 'java/lang/NoSuchMethodError'{0x0000000089e55de0}: 'int java.lang.invoke.Invokers$Holder.invokeExact_MT(java.lang.Object, java.lang.Object)'> (0x0000000089e55de0) 
thrown [s\open\src\hotspot\share\interpreter\linkResolver.cpp, line 774]
Event: 0.653 Thread 0x000002d25b829e60 Exception <a 'java/lang/NoSuchMethodError'{0x0000000089e5bd48}: 'java.lang.Object java.lang.invoke.DirectMethodHandle$Holder.newInvokeSpecial(java.lang.Object, java.lang.Object, int)'> (0x0000000089e5bd48) 
thrown [s\open\src\hotspot\share\interpreter\linkResolver.cpp, line 774]
Event: 0.654 Thread 0x000002d25b829e60 Exception <a 'java/lang/NoSuchMethodError'{0x0000000089e60e08}: 'int java.lang.invoke.DirectMethodHandle$Holder.invokeSpecial(java.lang.Object, java.lang.Object, java.lang.Object, int)'> (0x0000000089e60e08) 
thrown [s\open\src\hotspot\share\interpreter\linkResolver.cpp, line 774]
Event: 0.658 Thread 0x000002d25b829e60 Exception <a 'java/lang/NoSuchMethodError'{0x0000000089e737c0}: 'java.lang.Object java.lang.invoke.DirectMethodHandle$Holder.invokeStatic(java.lang.Object, java.lang.Object, java.lang.Object, java.lang.Object, int)'> (0x0000000089e737c0) 
thrown [s\open\src\hotspot\share\interpreter\linkResolver.cpp, line 774]
Event: 0.660 Thread 0x000002d25b829e60 Exception <a 'java/lang/NoSuchMethodError'{0x0000000089e7f3c8}: 'int java.lang.invoke.DirectMethodHandle$Holder.invokeSpecial(java.lang.Object, java.lang.Object, java.lang.Object)'> (0x0000000089e7f3c8) 
thrown [s\open\src\hotspot\share\interpreter\linkResolver.cpp, line 774]
Event: 0.786 Thread 0x000002d25b82ab80 Exception <a 'java/lang/NoSuchMethodError'{0x0000000089ca7e00}: 'java.lang.Object java.lang.invoke.DirectMethodHandle$Holder.newInvokeSpecial(java.lang.Object, java.lang.Object, java.lang.Object, int, int, int, int, int)'> (0x0000000089ca7e00) 
thrown [s\open\src\hotspot\share\interpreter\linkResolver.cpp, line 774]
Event: 1.004 Thread 0x000002d25b8297d0 Exception <a 'java/lang/NoSuchMethodError'{0x000000008a10e5d8}: 'void java.lang.invoke.DirectMethodHandle$Holder.invokeVirtual(java.lang.Object, java.lang.Object)'> (0x000000008a10e5d8) 
thrown [s\open\src\hotspot\share\interpreter\linkResolver.cpp, line 774]
Event: 1.029 Thread 0x000002d25b829e60 Exception <a 'java/lang/NoSuchMethodError'{0x0000000089ec5de0}: 'void java.lang.invoke.DirectMethodHandle$Holder.invokeStaticInit(java.lang.Object)'> (0x0000000089ec5de0) 
thrown [s\open\src\hotspot\share\interpreter\linkResolver.cpp, line 774]
Event: 1.106 Thread 0x000002d25b829e60 Exception <a 'java/lang/NoSuchMethodError'{0x0000000089857e88}: 'void java.lang.invoke.DirectMethodHandle$Holder.invokeStatic(java.lang.Object, java.lang.Object)'> (0x0000000089857e88) 
thrown [s\open\src\hotspot\share\interpreter\linkResolver.cpp, line 774]
Event: 1.163 Thread 0x000002d25b829e60 Exception <a 'java/lang/NoSuchMethodError'{0x0000000089770920}: 'java.lang.Object java.lang.invoke.DirectMethodHandle$Holder.invokeInterface(java.lang.Object, java.lang.Object)'> (0x0000000089770920) 
thrown [s\open\src\hotspot\share\interpreter\linkResolver.cpp, line 774]
Event: 1.212 Thread 0x000002d25b829e60 Exception <a 'java/lang/NoSuchMethodError'{0x00000000897f8540}: 'void java.lang.invoke.DirectMethodHandle$Holder.invokeStatic(java.lang.Object, java.lang.Object, java.lang.Object)'> (0x00000000897f8540) 
thrown [s\open\src\hotspot\share\interpreter\linkResolver.cpp, line 774]
Event: 1.214 Thread 0x000002d25b829e60 Exception <a 'java/lang/NoSuchMethodError'{0x0000000089601710}: 'java.lang.Object java.lang.invoke.DirectMethodHandle$Holder.invokeVirtual(java.lang.Object, java.lang.Object, java.lang.Object)'> (0x0000000089601710) 
thrown [s\open\src\hotspot\share\interpreter\linkResolver.cpp, line 774]
Event: 1.564 Thread 0x000002d25b829e60 Exception <a 'java/lang/NoSuchMethodError'{0x0000000088f156f0}: 'void java.lang.invoke.DirectMethodHandle$Holder.invokeStaticInit(java.lang.Object, java.lang.Object)'> (0x0000000088f156f0) 
thrown [s\open\src\hotspot\share\interpreter\linkResolver.cpp, line 774]
Event: 1.569 Thread 0x000002d25b829e60 Exception <a 'java/lang/NoSuchMethodError'{0x0000000088f29e00}: 'void java.lang.invoke.DirectMethodHandle$Holder.invokeInterface(java.lang.Object, java.lang.Object)'> (0x0000000088f29e00) 
thrown [s\open\src\hotspot\share\interpreter\linkResolver.cpp, line 774]

ZGC Phase Switch (0 events):
No events

VM Operations (20 events):
Event: 1.012 Executing VM operation: HandshakeAllThreads (Deoptimize)
Event: 1.012 Executing VM operation: HandshakeAllThreads (Deoptimize) done
Event: 1.115 Executing VM operation: HandshakeAllThreads (Deoptimize)
Event: 1.121 Executing VM operation: HandshakeAllThreads (Deoptimize) done
Event: 1.121 Executing VM operation: Cleanup
Event: 1.121 Executing VM operation: Cleanup done
Event: 1.614 Executing VM operation: G1CollectForAllocation (G1 Evacuation Pause)
Event: 1.622 Executing VM operation: G1CollectForAllocation (G1 Evacuation Pause) done
Event: 2.637 Executing VM operation: Cleanup
Event: 2.637 Executing VM operation: Cleanup done
Event: 60.186 Executing VM operation: HandshakeAllThreads (HandshakeForDeflation)
Event: 60.186 Executing VM operation: HandshakeAllThreads (HandshakeForDeflation) done
Event: 60.186 Executing VM operation: RendezvousGCThreads
Event: 60.186 Executing VM operation: RendezvousGCThreads done
Event: 442.963 Executing VM operation: Cleanup
Event: 442.964 Executing VM operation: Cleanup done
Event: 572.832 Executing VM operation: Cleanup
Event: 572.832 Executing VM operation: Cleanup done
Event: 692.033 Executing VM operation: HandshakeAllThreads (Deoptimize)
Event: 692.033 Executing VM operation: HandshakeAllThreads (Deoptimize) done

Memory protections (0 events):
No events

Nmethod flushes (0 events):
No events

Events (20 events):
Event: 0.050 Thread 0x000002d23ce3cd80 Thread added: 0x000002d25b824930
Event: 0.050 Thread 0x000002d23ce3cd80 Thread added: 0x000002d25b825f00
Event: 0.050 Thread 0x000002d23ce3cd80 Thread added: 0x000002d25b828ab0
Event: 0.051 Thread 0x000002d23ce3cd80 Thread added: 0x000002d25b842800
Event: 0.051 Thread 0x000002d23ce3cd80 Thread added: 0x000002d25b866150
Event: 0.086 Thread 0x000002d23ce3cd80 Thread added: 0x000002d25b82b8a0
Event: 0.134 Thread 0x000002d25b866150 Thread added: 0x000002d25bb7b0c0
Event: 0.138 Thread 0x000002d23ce3cd80 Thread added: 0x000002d25b82b210
Event: 0.313 Thread 0x000002d23ce3cd80 Thread added: 0x000002d25b82bf30
Event: 0.315 Thread 0x000002d23ce3cd80 Thread added: 0x000002d25b829140
Event: 0.317 Thread 0x000002d23ce3cd80 Thread added: 0x000002d25b8297d0
Event: 0.551 Thread 0x000002d25bb7b0c0 Thread exited: 0x000002d25bb7b0c0
Event: 0.593 Thread 0x000002d23ce3cd80 Thread added: 0x000002d25b829e60
Event: 0.594 Thread 0x000002d23ce3cd80 Thread exited: 0x000002d23ce3cd80
Event: 0.594 Thread 0x000002d25b82a4f0 Thread added: 0x000002d25b82a4f0
Event: 0.690 Thread 0x000002d25b829e60 Thread added: 0x000002d25b82ab80
Event: 0.998 Thread 0x000002d25b866150 Thread added: 0x000002d2a198f750
Event: 1.109 Thread 0x000002d25b829e60 Thread added: 0x000002d2a21afcc0
Event: 5.994 Thread 0x000002d25b82ab80 Thread exited: 0x000002d25b82ab80
Event: 6.728 Thread 0x000002d2a198f750 Thread exited: 0x000002d2a198f750


Dynamic libraries:
0x00007ff6bb6f0000 - 0x00007ff6bb700000 	C:\Program Files\Java\jdk-22\bin\java.exe
0x00007ffbd1820000 - 0x00007ffbd1a86000 	C:\WINDOWS\SYSTEM32\ntdll.dll
0x00007ffbd0d70000 - 0x00007ffbd0e39000 	C:\WINDOWS\System32\KERNEL32.DLL
0x00007ffbceb30000 - 0x00007ffbceefc000 	C:\WINDOWS\System32\KERNELBASE.dll
0x00007ffbcf490000 - 0x00007ffbcf5db000 	C:\WINDOWS\System32\ucrtbase.dll
0x00007ffb5e4f0000 - 0x00007ffb5e50b000 	C:\Program Files\Java\jdk-22\bin\VCRUNTIME140.dll
0x00007ffbbaf00000 - 0x00007ffbbaf17000 	C:\Program Files\Java\jdk-22\bin\jli.dll
0x00007ffbd02a0000 - 0x00007ffbd046a000 	C:\WINDOWS\System32\USER32.dll
0x00007ffbbbcd0000 - 0x00007ffbbbf6a000 	C:\WINDOWS\WinSxS\amd64_microsoft.windows.common-controls_6595b64144ccf1df_6.0.26100.3912_none_3e07963ce335137e\COMCTL32.dll
0x00007ffbcf0f0000 - 0x00007ffbcf117000 	C:\WINDOWS\System32\win32u.dll
0x00007ffbd1600000 - 0x00007ffbd16a9000 	C:\WINDOWS\System32\msvcrt.dll
0x00007ffbcf640000 - 0x00007ffbcf66b000 	C:\WINDOWS\System32\GDI32.dll
0x00007ffbcefb0000 - 0x00007ffbcf0e2000 	C:\WINDOWS\System32\gdi32full.dll
0x00007ffbcef00000 - 0x00007ffbcefa3000 	C:\WINDOWS\System32\msvcp_win.dll
0x00007ffbcf6f0000 - 0x00007ffbcf720000 	C:\WINDOWS\System32\IMM32.DLL
0x00007ffba2760000 - 0x00007ffba276c000 	C:\Program Files\Java\jdk-22\bin\vcruntime140_1.dll
0x00007ffb49eb0000 - 0x00007ffb49f3e000 	C:\Program Files\Java\jdk-22\bin\msvcp140.dll
0x00007ffb4a160000 - 0x00007ffb4aea9000 	C:\Program Files\Java\jdk-22\bin\server\jvm.dll
0x00007ffbd0e40000 - 0x00007ffbd0ef2000 	C:\WINDOWS\System32\ADVAPI32.dll
0x00007ffbd0cc0000 - 0x00007ffbd0d66000 	C:\WINDOWS\System32\sechost.dll
0x00007ffbd16b0000 - 0x00007ffbd17c6000 	C:\WINDOWS\System32\RPCRT4.dll
0x00007ffbd0220000 - 0x00007ffbd0294000 	C:\WINDOWS\System32\WS2_32.dll
0x00007ffbcd600000 - 0x00007ffbcd65e000 	C:\WINDOWS\SYSTEM32\POWRPROF.dll
0x00007ffbbba70000 - 0x00007ffbbbaa6000 	C:\WINDOWS\SYSTEM32\WINMM.dll
0x00007ffbc7980000 - 0x00007ffbc798b000 	C:\WINDOWS\SYSTEM32\VERSION.dll
0x00007ffbcd5e0000 - 0x00007ffbcd5f4000 	C:\WINDOWS\SYSTEM32\UMPDC.dll
0x00007ffbcd890000 - 0x00007ffbcd8aa000 	C:\WINDOWS\SYSTEM32\kernel.appcore.dll
0x00007ffba1250000 - 0x00007ffba125a000 	C:\Program Files\Java\jdk-22\bin\jimage.dll
0x00007ffbcc3e0000 - 0x00007ffbcc621000 	C:\WINDOWS\SYSTEM32\DBGHELP.DLL
0x00007ffbd0f10000 - 0x00007ffbd1294000 	C:\WINDOWS\System32\combase.dll
0x00007ffbd1490000 - 0x00007ffbd1570000 	C:\WINDOWS\System32\OLEAUT32.dll
0x00007ffbb7600000 - 0x00007ffbb7639000 	C:\WINDOWS\SYSTEM32\dbgcore.DLL
0x00007ffbcf270000 - 0x00007ffbcf309000 	C:\WINDOWS\System32\bcryptPrimitives.dll
0x00007ffb5e490000 - 0x00007ffb5e4ae000 	C:\Program Files\Java\jdk-22\bin\java.dll
0x00007ffbd0590000 - 0x00007ffbd0cbd000 	C:\WINDOWS\System32\SHELL32.dll
0x00007ffbce9b0000 - 0x00007ffbceb24000 	C:\WINDOWS\System32\wintypes.dll
0x00007ffbcf970000 - 0x00007ffbcfb0f000 	C:\WINDOWS\System32\ole32.dll
0x00007ffbcc680000 - 0x00007ffbcced6000 	C:\WINDOWS\SYSTEM32\windows.storage.dll
0x00007ffbd0490000 - 0x00007ffbd057f000 	C:\WINDOWS\System32\SHCORE.dll
0x00007ffbcf670000 - 0x00007ffbcf6d9000 	C:\WINDOWS\System32\shlwapi.dll
0x00007ffbce8c0000 - 0x00007ffbce8ef000 	C:\WINDOWS\SYSTEM32\profapi.dll
0x00007ffb5e3b0000 - 0x00007ffb5e487000 	C:\Program Files\Java\jdk-22\bin\jsvml.dll
0x00007ffba1190000 - 0x00007ffba11a0000 	C:\Program Files\Java\jdk-22\bin\net.dll
0x00007ffbcde00000 - 0x00007ffbcde6a000 	C:\WINDOWS\system32\mswsock.dll
0x00007ffb5e390000 - 0x00007ffb5e3a6000 	C:\Program Files\Java\jdk-22\bin\nio.dll
0x00007ffb5e370000 - 0x00007ffb5e387000 	C:\Program Files\Java\jdk-22\bin\zip.dll
0x00007ffb5e1e0000 - 0x00007ffb5e36e000 	C:\Program Files\Java\jdk-22\bin\awt.dll
0x00007ffbcac80000 - 0x00007ffbcad1e000 	C:\WINDOWS\SYSTEM32\apphelp.dll
0x00007ffbcada0000 - 0x00007ffbcae4f000 	C:\WINDOWS\system32\uxtheme.dll
0x00007ffbcfb20000 - 0x00007ffbcfc7f000 	C:\WINDOWS\System32\MSCTF.dll
0x00007ffbcb120000 - 0x00007ffbcb156000 	C:\WINDOWS\system32\DWMAPI.DLL
0x00007ffb49e20000 - 0x00007ffb49ea7000 	C:\Program Files\Java\jdk-22\bin\freetype.dll
0x00007ffb49d40000 - 0x00007ffb49e17000 	C:\Program Files\Java\jdk-22\bin\fontmanager.dll
0x00007ffbb30b0000 - 0x00007ffbb31bc000 	C:\WINDOWS\system32\opengl32.dll
0x00007ffbb7670000 - 0x00007ffbb769d000 	C:\WINDOWS\SYSTEM32\GLU32.dll
0x00007ffbcbc50000 - 0x00007ffbcbc97000 	C:\WINDOWS\SYSTEM32\dxcore.dll
0x00007ffbcd2d0000 - 0x00007ffbcd3f7000 	C:\WINDOWS\SYSTEM32\DNSAPI.dll
0x00007ffbcd240000 - 0x00007ffbcd273000 	C:\WINDOWS\SYSTEM32\IPHLPAPI.DLL
0x00007ffbd0f00000 - 0x00007ffbd0f0a000 	C:\WINDOWS\System32\NSI.dll
0x00007ffbc71e0000 - 0x00007ffbc71eb000 	C:\Windows\System32\rasadhlp.dll
0x00007ffbc3eb0000 - 0x00007ffbc3f36000 	C:\WINDOWS\System32\fwpuclnt.dll
0x00007ffb9fcb0000 - 0x00007ffb9fcb9000 	C:\Program Files\Java\jdk-22\bin\extnet.dll

dbghelp: loaded successfully - version: 4.0.5 - missing functions: none
symbol engine: initialized successfully - sym options: 0x614 - pdb path: .;C:\Program Files\Java\jdk-22\bin;C:\WINDOWS\SYSTEM32;C:\WINDOWS\WinSxS\amd64_microsoft.windows.common-controls_6595b64144ccf1df_6.0.26100.3912_none_3e07963ce335137e;C:\Program Files\Java\jdk-22\bin\server

VM Arguments:
jvm_args: -Dfile.encoding=UTF-8 --module-path=C:\Users\MEGA GLOBAL GRUP\OneDrive\Dokumen\NetBeansProjects\Salon\build\classes 
java_command: owner_dashboard
java_class_path (initial): C:\Program Files\NetBeans-22\netbeans\java\modules\ext\AbsoluteLayout.jar;C:\Users\MEGA GLOBAL GRUP\OneDrive\Dokumen\mysql-connector-j-9.1.0.jar;C:\Users\MEGA GLOBAL GRUP\Downloads\jfreechart-1.5.3.jar;C:\Users\MEGA GLOBAL GRUP\Downloads\jcommon-1.0.24.jar;C:\Users\MEGA GLOBAL GRUP\OneDrive\Dokumen\NetBeansProjects\Salon\build\classes
Launcher Type: SUN_STANDARD

[Global flags]
     intx CICompilerCount                          = 4                                         {product} {ergonomic}
     uint ConcGCThreads                            = 2                                         {product} {ergonomic}
     uint G1ConcRefinementThreads                  = 8                                         {product} {ergonomic}
   size_t G1HeapRegionSize                         = 1048576                                   {product} {ergonomic}
   size_t InitialHeapSize                          = 132120576                                 {product} {ergonomic}
   size_t MarkStackSize                            = 4194304                                   {product} {ergonomic}
   size_t MaxHeapSize                              = 2105540608                                {product} {ergonomic}
   size_t MaxNewSize                               = 1262485504                                {product} {ergonomic}
   size_t MinHeapDeltaBytes                        = 1048576                                   {product} {ergonomic}
   size_t MinHeapSize                              = 8388608                                   {product} {ergonomic}
    uintx NonNMethodCodeHeapSize                   = 5839372                                {pd product} {ergonomic}
    uintx NonProfiledCodeHeapSize                  = 122909434                              {pd product} {ergonomic}
    uintx ProfiledCodeHeapSize                     = 122909434                              {pd product} {ergonomic}
    uintx ReservedCodeCacheSize                    = 251658240                              {pd product} {ergonomic}
     bool SegmentedCodeCache                       = true                                      {product} {ergonomic}
   size_t SoftMaxHeapSize                          = 2105540608                             {manageable} {ergonomic}
     bool UseCompressedOops                        = true                           {product lp64_product} {ergonomic}
     bool UseG1GC                                  = true                                      {product} {ergonomic}
     bool UseLargePagesIndividualAllocation        = false                                  {pd product} {ergonomic}

Logging:
Log output configuration:
 #0: stdout all=warning uptime,level,tags foldmultilines=false
 #1: stderr all=off uptime,level,tags foldmultilines=false

Environment Variables:
PATH=C:\Program Files\Common Files\Oracle\Java\javapath;C:\WINDOWS\system32;C:\WINDOWS;C:\WINDOWS\System32\Wbem;C:\WINDOWS\System32\WindowsPowerShell\v1.0\;C:\WINDOWS\System32\OpenSSH\;C:\Program Files\Intel\WiFi\bin\;C:\Program Files\Common Files\Intel\WirelessCommon\;C:\Users\MEGA GLOBAL GRUP\AppData\Local\Microsoft\WindowsApps;C:\Users\MEGA GLOBAL GRUP\AppData\Local\Programs\Microsoft VS Code\bin;C:\Users\MEGA GLOBAL GRUP\AppData\Local\GitHubDesktop\bin
USERNAME=MEGA GLOBAL GRUP
OS=Windows_NT
PROCESSOR_IDENTIFIER=Intel64 Family 6 Model 142 Stepping 10, GenuineIntel
TMP=C:\Users\MEGAGL~1\AppData\Local\Temp
TEMP=C:\Users\MEGAGL~1\AppData\Local\Temp




Periodic native trim disabled

---------------  S Y S T E M  ---------------

OS:
 Windows 11 , 64 bit Build 26100 (10.0.26100.3912)
OS uptime: 7 days 11:23 hours

CPU: total 8 (initial active 8) (4 cores per cpu, 2 threads per core) family 6 model 142 stepping 10 microcode 0xe0, cx8, cmov, fxsr, ht, mmx, 3dnowpref, sse, sse2, sse3, ssse3, sse4.1, sse4.2, popcnt, lzcnt, tsc, tscinvbit, avx, avx2, aes, erms, clmul, bmi1, bmi2, rtm, adx, fma, vzeroupper, clflush, clflushopt, rdtscp, f16c
Processor Information for all 8 processors :
  Max Mhz: 1896, Current Mhz: 1696, Mhz Limit: 1687

Memory: 4k page, system-wide physical 8029M (1318M free)
TotalPageFile size 11914M (AvailPageFile size 1144M)
current process WorkingSet (physical memory assigned to process): 97M, peak: 103M
current process commit charge ("private bytes"): 230M, peak: 236M

vm_info: Java HotSpot(TM) 64-Bit Server VM (22.0.2+9-70) for windows-amd64 JRE (22.0.2+9-70), built on 2024-06-04T16:52:23Z by "mach5one" with MS VC++ 17.6 (VS2022)

END.
